#
# A fatal error has been detected by the Java Runtime Environment:
#
#  EXCEPTION_ACCESS_VIOLATION (0xc0000005) at pc=0x00007ffc5c9f1049, pid=12640, tid=9720
#
# JRE version: OpenJDK Runtime Environment (11.0.2+9) (build 11.0.2+9)
# Java VM: OpenJDK 64-Bit Server VM (11.0.2+9, mixed mode, tiered, compressed oops, g1 gc, windows-amd64)
# Problematic frame:
# C  0x00007ffc5c9f1049
#
# No core dump will be written. Minidumps are not enabled by default on client versions of Windows
#
# If you would like to submit a bug report, please visit:
#   http://bugreport.java.com/bugreport/crash.jsp
# The crash happened outside the Java Virtual Machine in native code.
# See problematic frame for where to report the bug.
#

---------------  S U M M A R Y ------------

Command Line: -Dsun.java2d.pmoffscreen=false -Dhttps.protocols=TLSv1,TLSv1.1,TLSv1.2 -Dsun.java2d.xrender=false -Dsun.java2d.d3d=false -Dsun.awt.nopixfmt=true -Dsun.java2d.dpiaware=true -Dsun.java2d.uiScale.enabled=false -Xverify:none -Dswing.aatext=true -XX:-UsePerfData -Djdk.map.althashing.threshold=512 -XX:StringTableSize=4072 --add-opens=java.base/java.nio=ALL-UNNAMED --add-opens=java.desktop/sun.swing=ALL-UNNAMED --add-opens=java.desktop/javax.swing=ALL-UNNAMED --add-opens=java.desktop/javax.swing.tree=ALL-UNNAMED --add-opens=java.desktop/javax.swing.plaf.basic=ALL-UNNAMED --add-opens=java.desktop/javax.swing.plaf.synth=ALL-UNNAMED --add-opens=java.desktop/com.sun.awt=ALL-UNNAMED -XX:NewSize=60m -XX:MaxNewSize=60m -Xms128m -Xmx3072m -Xss5m 

Host: 12th Gen Intel(R) Core(TM) i7-1260P, 16 cores, 15G,  Windows 10 , 64 bit Build 26100 (10.0.26100.7705)
Time: Fri Feb 27 15:03:51 2026 대한민국 표준시 elapsed time: 22270 seconds (0d 6h 11m 10s)

---------------  T H R E A D  ---------------

Current thread (0x000001d82b3a0000):  JavaThread "AWT-EventQueue-0" [_thread_in_native, id=9720, stack(0x000000be85600000,0x000000be85b00000)]

Stack: [0x000000be85600000,0x000000be85b00000],  sp=0x000000be85af3f00,  free space=5071k
Native frames: (J=compiled Java code, j=interpreted, Vv=VM code, C=native code)
C  0x00007ffc5c9f1049
C  0x00007ffc5ca02487
C  0x00007ffc5ca037c2
C  0x00007ffc5c9ea485
C  0x00007ffbf63b84b4
C  0x00007ffbf63d8e72
C  0x00007ffbf64734f5
C  0x00007ffbf6473419
C  0x00007ffbf64a4ce1
C  0x00007ffbf64a2426
C  0x00007ffbf64fe2c1
C  0x00007ffbf65003b3
C  0x00007ffbf64d936d
C  0x00007ffbf64d93d8
C  0x00007ffbf64d9481
C  0x00007ffbf64ff59c
C  0x00007ffbf64d06e5
C  0x00007ffbf64d0375
C  0x00007ffbf650d00f
C  0x000001d8235cea2d

Java frames: (J=compiled Java code, j=interpreted, Vv=VM code)
J 25519  ui.views.waveform.waveformi.WVExecutive_getGraphicsDataSize(J)J (0 bytes) @ 0x000001d8235ce991 [0x000001d8235ce940+0x0000000000000051]
J 25518 c1 ui.views.waveform.executive.a.klK()Ljava/io/ByteArrayInputStream; (93 bytes) @ 0x000001d81ce6f1ac [0x000001d81ce6f0c0+0x00000000000000ec]
J 25738 c1 ui.views.waveform.b.a.klh()V (144 bytes) @ 0x000001d81c309d34 [0x000001d81c309ca0+0x0000000000000094]
J 25365 c1 ui.views.waveform.w.aH(ZZ)V (48 bytes) @ 0x000001d81be0f764 [0x000001d81be0f260+0x0000000000000504]
J 22978 c1 ui.views.waveform.c.b.j(Lui/frmwork/a/l;)V (605 bytes) @ 0x000001d81d42c8dc [0x000001d81d423e00+0x0000000000008adc]
J 22977 c1 ui.views.waveform.w.handleTclEvent(Lui/frmwork/a/l;)V (17 bytes) @ 0x000001d81bce6abc [0x000001d81bce69e0+0x00000000000000dc]
J 27501 c2 ui.frmwork.a.o.c(Lui/frmwork/a/l;)V (61 bytes) @ 0x000001d824010f48 [0x000001d824010ce0+0x0000000000000268]
J 26275 c2 ui.frmwork.E.i(JZ)V (471 bytes) @ 0x000001d823e2044c [0x000001d823e1ece0+0x000000000000176c]
J 27764 c2 ui.frmwork.E.fireTclEvent(J)I (113 bytes) @ 0x000001d82409cb5c [0x000001d82409c360+0x00000000000007fc]
v  ~StubRoutines::call_stub
J 28236  ui.views.waveform.waveformi.WVExecutive_processModelEvent(JJ)V (0 bytes) @ 0x000001d823fe3f94 [0x000001d823fe3f40+0x0000000000000054]
J 28844 c1 ui.views.waveform.c.b.ga(J)V (109 bytes) @ 0x000001d81e0a956c [0x000001d81e0a94a0+0x00000000000000cc]
J 22978 c1 ui.views.waveform.c.b.j(Lui/frmwork/a/l;)V (605 bytes) @ 0x000001d81d42d674 [0x000001d81d423e00+0x0000000000009874]
J 22977 c1 ui.views.waveform.w.handleTclEvent(Lui/frmwork/a/l;)V (17 bytes) @ 0x000001d81bce6abc [0x000001d81bce69e0+0x00000000000000dc]
J 27501 c2 ui.frmwork.a.o.c(Lui/frmwork/a/l;)V (61 bytes) @ 0x000001d824010f48 [0x000001d824010ce0+0x0000000000000268]
J 26275 c2 ui.frmwork.E.i(JZ)V (471 bytes) @ 0x000001d823e2044c [0x000001d823e1ece0+0x000000000000176c]
J 22589 c1 ui.frmwork.E$$Lambda$203.run()V (12 bytes) @ 0x000001d81d062ddc [0x000001d81d062d00+0x00000000000000dc]
J 16050 c2 java.awt.event.InvocationEvent.dispatch()V java.desktop@11.0.2 (69 bytes) @ 0x000001d82349ebe8 [0x000001d82349eb40+0x00000000000000a8]
J 14642 c2 java.awt.EventQueue$4.run()Ljava/lang/Object; java.desktop@11.0.2 (5 bytes) @ 0x000001d82326b69c [0x000001d82326b5e0+0x00000000000000bc]
v  ~StubRoutines::call_stub
J 4666  java.security.AccessController.doPrivileged(Ljava/security/PrivilegedAction;Ljava/security/AccessControlContext;)Ljava/lang/Object; java.base@11.0.2 (0 bytes) @ 0x000001d8229de336 [0x000001d8229de2c0+0x0000000000000076]
J 14639 c2 java.awt.EventQueue.dispatchEvent(Ljava/awt/AWTEvent;)V java.desktop@11.0.2 (80 bytes) @ 0x000001d823268774 [0x000001d823268440+0x0000000000000334]
J 25335 c2 ui.frmwork.a.d.dispatchEvent(Ljava/awt/AWTEvent;)V (42 bytes) @ 0x000001d8239511fc [0x000001d8239510e0+0x000000000000011c]
J 21784 c2 java.awt.EventDispatchThread.pumpEventsForFilter(ILjava/awt/Conditional;Ljava/awt/EventFilter;)V java.desktop@11.0.2 (47 bytes) @ 0x000001d823693248 [0x000001d823693140+0x0000000000000108]
j  java.awt.EventDispatchThread.pumpEventsForFilter(Ljava/awt/Conditional;Ljava/awt/EventFilter;)V+4 java.desktop@11.0.2
j  java.awt.WaitDispatchSupport$2.run()V+59 java.desktop@11.0.2
j  java.awt.WaitDispatchSupport$4.run()Ljava/lang/Void;+4 java.desktop@11.0.2
j  java.awt.WaitDispatchSupport$4.run()Ljava/lang/Object;+1 java.desktop@11.0.2
v  ~StubRoutines::call_stub
J 1078  java.security.AccessController.doPrivileged(Ljava/security/PrivilegedAction;)Ljava/lang/Object; java.base@11.0.2 (0 bytes) @ 0x000001d8227883a2 [0x000001d822788340+0x0000000000000062]
j  java.awt.WaitDispatchSupport.enter()Z+260 java.desktop@11.0.2
j  java.awt.Dialog.show()V+224 java.desktop@11.0.2
J 29772 c1 ui.dlg.c.bz.bIi()V (68 bytes) @ 0x000001d81e260044 [0x000001d81e25f520+0x0000000000000b24]
J 29771 c1 ui.dlg.c.bI.actionPerformed(Ljava/awt/event/ActionEvent;)V (24 bytes) @ 0x000001d81e212e2c [0x000001d81e212460+0x00000000000009cc]
j  ui.dlg.c.bz.fud()V+388
j  ui.views.c.t.b.a.run()V+60
j  ui.frmwork.cmd.a.hsT()Z+66
j  ui.frmwork.cmd.d.htb()V+42
j  ui.bm.actionPerformed(Ljava/awt/event/ActionEvent;)V+25
J 30140 c1 javax.swing.AbstractButton.fireActionPerformed(Ljava/awt/event/ActionEvent;)V java.desktop@11.0.2 (95 bytes) @ 0x000001d81c42ae14 [0x000001d81c42a560+0x00000000000008b4]
j  ui.utils.swing.b.E.fireActionPerformed(Ljava/awt/event/ActionEvent;)V+7
J 30139 c1 javax.swing.AbstractButton$Handler.actionPerformed(Ljava/awt/event/ActionEvent;)V java.desktop@11.0.2 (9 bytes) @ 0x000001d81bb9abec [0x000001d81bb9aae0+0x000000000000010c]
J 30040 c1 javax.swing.DefaultButtonModel.fireActionPerformed(Ljava/awt/event/ActionEvent;)V java.desktop@11.0.2 (46 bytes) @ 0x000001d81bae6cd4 [0x000001d81bae6a00+0x00000000000002d4]
J 26809 c1 javax.swing.DefaultButtonModel.setPressed(Z)V java.desktop@11.0.2 (125 bytes) @ 0x000001d81d7e1024 [0x000001d81d7e0080+0x0000000000000fa4]
J 30477 c1 javax.swing.plaf.basic.BasicButtonListener.mouseReleased(Ljava/awt/event/MouseEvent;)V java.desktop@11.0.2 (48 bytes) @ 0x000001d81bc92be4 [0x000001d81bc92780+0x0000000000000464]
j  com.jidesoft.plaf.basic.BasicJideButtonListener.mouseReleased(Ljava/awt/event/MouseEvent;)V+61
J 22922 c1 java.awt.AWTEventMulticaster.mouseReleased(Ljava/awt/event/MouseEvent;)V java.desktop@11.0.2 (27 bytes) @ 0x000001d81bce712c [0x000001d81bce6f00+0x000000000000022c]
J 22922 c1 java.awt.AWTEventMulticaster.mouseReleased(Ljava/awt/event/MouseEvent;)V java.desktop@11.0.2 (27 bytes) @ 0x000001d81bce712c [0x000001d81bce6f00+0x000000000000022c]
J 22922 c1 java.awt.AWTEventMulticaster.mouseReleased(Ljava/awt/event/MouseEvent;)V java.desktop@11.0.2 (27 bytes) @ 0x000001d81bce712c [0x000001d81bce6f00+0x000000000000022c]
J 22922 c1 java.awt.AWTEventMulticaster.mouseReleased(Ljava/awt/event/MouseEvent;)V java.desktop@11.0.2 (27 bytes) @ 0x000001d81bce712c [0x000001d81bce6f00+0x000000000000022c]
J 30446 c2 javax.swing.JComponent.processMouseEvent(Ljava/awt/event/MouseEvent;)V java.desktop@11.0.2 (27 bytes) @ 0x000001d8244f48f0 [0x000001d8244f4600+0x00000000000002f0]
J 15659 c2 java.awt.Container.processEvent(Ljava/awt/AWTEvent;)V java.desktop@11.0.2 (22 bytes) @ 0x000001d82340b6d4 [0x000001d82340b5a0+0x0000000000000134]
J 29991 c2 java.awt.Component.dispatchEventImpl(Ljava/awt/AWTEvent;)V java.desktop@11.0.2 (777 bytes) @ 0x000001d8243c59e4 [0x000001d8243c5180+0x0000000000000864]
J 18850 c2 java.awt.Container.dispatchEventImpl(Ljava/awt/AWTEvent;)V java.desktop@11.0.2 (129 bytes) @ 0x000001d82386cf78 [0x000001d82386cf20+0x0000000000000058]
J 19595 c2 java.awt.LightweightDispatcher.retargetMouseEvent(Ljava/awt/Component;ILjava/awt/event/MouseEvent;)V java.desktop@11.0.2 (372 bytes) @ 0x000001d823944800 [0x000001d823944280+0x0000000000000580]
J 22490 c2 java.awt.LightweightDispatcher.processMouseEvent(Ljava/awt/event/MouseEvent;)Z java.desktop@11.0.2 (265 bytes) @ 0x000001d823a096fc [0x000001d823a08f60+0x000000000000079c]
J 18850 c2 java.awt.Container.dispatchEventImpl(Ljava/awt/AWTEvent;)V java.desktop@11.0.2 (129 bytes) @ 0x000001d82386d2c4 [0x000001d82386cf20+0x00000000000003a4]
J 22307 c2 java.awt.Window.dispatchEventImpl(Ljava/awt/AWTEvent;)V java.desktop@11.0.2 (23 bytes) @ 0x000001d8239acd8c [0x000001d8239acd40+0x000000000000004c]
J 14642 c2 java.awt.EventQueue$4.run()Ljava/lang/Object; java.desktop@11.0.2 (5 bytes) @ 0x000001d82326b72c [0x000001d82326b5e0+0x000000000000014c]
v  ~StubRoutines::call_stub
J 4666  java.security.AccessController.doPrivileged(Ljava/security/PrivilegedAction;Ljava/security/AccessControlContext;)Ljava/lang/Object; java.base@11.0.2 (0 bytes) @ 0x000001d8229de336 [0x000001d8229de2c0+0x0000000000000076]
J 18956 c2 java.awt.EventQueue$5.run()Ljava/lang/Object; java.desktop@11.0.2 (5 bytes) @ 0x000001d82387e93c [0x000001d82387e6e0+0x000000000000025c]
v  ~StubRoutines::call_stub
J 4666  java.security.AccessController.doPrivileged(Ljava/security/PrivilegedAction;Ljava/security/AccessControlContext;)Ljava/lang/Object; java.base@11.0.2 (0 bytes) @ 0x000001d8229de336 [0x000001d8229de2c0+0x0000000000000076]
J 14639 c2 java.awt.EventQueue.dispatchEvent(Ljava/awt/AWTEvent;)V java.desktop@11.0.2 (80 bytes) @ 0x000001d8232689e4 [0x000001d823268440+0x00000000000005a4]
J 25335 c2 ui.frmwork.a.d.dispatchEvent(Ljava/awt/AWTEvent;)V (42 bytes) @ 0x000001d8239511fc [0x000001d8239510e0+0x000000000000011c]
J 21598% c2 java.awt.EventDispatchThread.pumpEventsForFilter(ILjava/awt/Conditional;Ljava/awt/EventFilter;)V java.desktop@11.0.2 (47 bytes) @ 0x000001d82360ce84 [0x000001d82360ccc0+0x00000000000001c4]
j  java.awt.EventDispatchThread.pumpEventsForHierarchy(ILjava/awt/Conditional;Ljava/awt/Component;)V+11 java.desktop@11.0.2
j  java.awt.EventDispatchThread.pumpEvents(ILjava/awt/Conditional;)V+4 java.desktop@11.0.2
j  java.awt.EventDispatchThread.pumpEvents(Ljava/awt/Conditional;)V+3 java.desktop@11.0.2
j  java.awt.EventDispatchThread.run()V+9 java.desktop@11.0.2
v  ~StubRoutines::call_stub

siginfo: EXCEPTION_ACCESS_VIOLATION (0xc0000005), reading address 0x0000000000000044


Register to memory mapping:

RIP=0x00007ffc5c9f1049 points into unknown readable memory: 83 79 44 00 75 07 33
RAX=0x00003c2c717ae03d is an unknown value
RBX=0x000001d863027310 points into unknown readable memory: 00 6a 02 63 d8 01 00 00
RCX=0x0 is NULL
RDX=0x000001d8680cf3e0 points into unknown readable memory: c0 4b a1 5c fc 7f 00 00
RSP=0x000000be85af3f00 is pointing into the stack for thread: 0x000001d82b3a0000
RBP=0x0 is NULL
RSI=0x000001d8680cf3e0 points into unknown readable memory: c0 4b a1 5c fc 7f 00 00
RDI=0x0 is NULL
R8 =0x000000be85af3f90 is pointing into the stack for thread: 0x000001d82b3a0000
R9 =0x0000000000000003 is an unknown value
R10=0x0 is NULL
R11=0x000000be85af4400 is pointing into the stack for thread: 0x000001d82b3a0000
R12=0x0000000000000001 is an unknown value
R13=0x00007ffc5ca18e50 points into unknown readable memory: d0 2f 9f 5c fc 7f 00 00
R14=0x000001d85996d040 points into unknown readable memory: e0 f3 0c 68 d8 01 00 00
R15=0x000000be85af3f90 is pointing into the stack for thread: 0x000001d82b3a0000


Registers:
RAX=0x00003c2c717ae03d, RBX=0x000001d863027310, RCX=0x0000000000000000, RDX=0x000001d8680cf3e0
RSP=0x000000be85af3f00, RBP=0x0000000000000000, RSI=0x000001d8680cf3e0, RDI=0x0000000000000000
R8 =0x000000be85af3f90, R9 =0x0000000000000003, R10=0x0000000000000000, R11=0x000000be85af4400
R12=0x0000000000000001, R13=0x00007ffc5ca18e50, R14=0x000001d85996d040, R15=0x000000be85af3f90
RIP=0x00007ffc5c9f1049, EFLAGS=0x0000000000010206

Top of Stack: (sp=0x000000be85af3f00)
0x000000be85af3f00:   000001d82b3a0340 00007ffc356ad9d8
0x000000be85af3f10:   000001d867f71800 00007ffc346a6199
0x000000be85af3f20:   00000000e86acb28 000001d822ec2d54
0x000000be85af3f30:   fffffffffffffffe 000000074d22d2b8
0x000000be85af3f40:   000000be85af6000 0000000743e93490
0x000000be85af3f50:   000001d862d04060 000001d85996d040
0x000000be85af3f60:   000001d85996d040 00007ffc5ca02487
0x000000be85af3f70:   00000000e8484aac 000001d863027310
0x000000be85af3f80:   000001d866516f90 000000074d22d2b8
0x000000be85af3f90:   000000be85af4060 0000000743e934c0
0x000000be85af3fa0:   000001d82b3a0340 0000000000000078
0x000000be85af3fb0:   000001d867f718a0 000001d82b3a0340
0x000000be85af3fc0:   00000000e87b7c85 000001d822ec2d54
0x000000be85af3fd0:   000000074469aae0 000000074d22d2b8
0x000000be85af3fe0:   000000be00002800 000000074469aaf8
0x000000be85af3ff0:   000000be00000000 00007ffc0000009d 

Instructions: (pc=0x00007ffc5c9f1049)
0x00007ffc5c9f1029:   50 48 c7 44 24 30 fe ff ff ff 48 89 5c 24 78 48
0x00007ffc5c9f1039:   89 b4 24 80 00 00 00 4d 8b f8 48 8b f2 48 8b f9
0x00007ffc5c9f1049:   83 79 44 00 75 07 33 c0 e9 d1 00 00 00 48 8b 41
0x00007ffc5c9f1059:   48 8b 10 48 03 51 28 48 8d 4c 24 38 e8 66 eb ff 


Stack slot to memory mapping:
stack at sp + 0 slots: 0x000001d82b3a0340 points into unknown readable memory: a0 1c f9 34 fc 7f 00 00
stack at sp + 1 slots: 0x00007ffc356ad9d8 points into unknown readable memory: 90 a8 6a 35 fc 7f 00 00
stack at sp + 2 slots: 0x000001d867f71800 points into unknown readable memory: 00 00 00 00 00 00 00 00
stack at sp + 3 slots: 0x00007ffc346a6199 jvm.dll
stack at sp + 4 slots: 3899312936 is a compressed pointer to object: java.awt.Toolkit$SelectiveAWTEventListener 
{0x0000000743565940} - klass: 'java/awt/Toolkit$SelectiveAWTEventListener'
stack at sp + 5 slots: 0x000001d822ec2d54 is at entry_point+340 in (nmethod*)0x000001d822ec2a10
stack at sp + 6 slots: 0xfffffffffffffffe is an unknown value
stack at sp + 7 slots: 0x000000074d22d2b8 is an oop: java.awt.event.ContainerEvent 
{0x000000074d22d2b8} - klass: 'java/awt/event/ContainerEvent'


---------------  P R O C E S S  ---------------

Threads class SMR info:
_java_thread_list=0x000001d8538ff100, length=40, elements={
0x000001d839be9000, 0x000001d802521800, 0x000001d803a7e000, 0x000001d803d5a800,
0x000001d803d5b000, 0x000001d803d5c000, 0x000001d839c11800, 0x000001d8024d8800,
0x000001d80254b000, 0x000001d839569800, 0x000001d816ba4000, 0x000001d8169cd000,
0x000001d816a4b000, 0x000001d816ef8800, 0x000001d82b3a0000, 0x000001d82a96e800,
0x000001d82a045800, 0x000001d817373800, 0x000001d839bc9800, 0x000001d839bcc000,
0x000001d839bcd800, 0x000001d8307b8800, 0x000001d8307b6800, 0x000001d8307bb800,
0x000001d8307ba000, 0x000001d8307bf000, 0x000001d8307bf800, 0x000001d8307c0800,
0x000001d8307be000, 0x000001d8307b9000, 0x000001d865d95800, 0x000001d865d99000,
0x000001d865d94800, 0x000001d865d98000, 0x000001d86cfc3800, 0x000001d86cfc5800,
0x000001d86cfcb000, 0x000001d86cfc9800, 0x000001d86cfcc800, 0x000001d865d9a800
}

Java Threads: ( => current thread )
  0x000001d839be9000 JavaThread "main" [_thread_blocked, id=17636, stack(0x000000beff300000,0x000000beff400000)]
  0x000001d802521800 JavaThread "Reference Handler" daemon [_thread_blocked, id=16228, stack(0x000000beffa00000,0x000000befff00000)]
  0x000001d803a7e000 JavaThread "Finalizer" daemon [_thread_blocked, id=16276, stack(0x000000be81400000,0x000000be81900000)]
  0x000001d803d5a800 JavaThread "Signal Dispatcher" daemon [_thread_blocked, id=12416, stack(0x000000be81900000,0x000000be81e00000)]
  0x000001d803d5b000 JavaThread "Attach Listener" daemon [_thread_blocked, id=14848, stack(0x000000be81e00000,0x000000be82300000)]
  0x000001d803d5c000 JavaThread "C2 CompilerThread0" daemon [_thread_blocked, id=5520, stack(0x000000befff00000,0x000000bf00000000)]
  0x000001d839c11800 JavaThread "C1 CompilerThread0" daemon [_thread_blocked, id=11980, stack(0x000000be82300000,0x000000be82400000)]
  0x000001d8024d8800 JavaThread "Sweeper thread" daemon [_thread_blocked, id=4988, stack(0x000000be82400000,0x000000be82900000)]
  0x000001d80254b000 JavaThread "Common-Cleaner" daemon [_thread_blocked, id=7392, stack(0x000000be82d00000,0x000000be83200000)]
  0x000001d839569800 JavaThread "Service Thread" daemon [_thread_blocked, id=6976, stack(0x000000be83200000,0x000000be83700000)]
  0x000001d816ba4000 JavaThread "Java2D Disposer" daemon [_thread_blocked, id=14136, stack(0x000000be83800000,0x000000be83d00000)]
  0x000001d8169cd000 JavaThread "AWT-Shutdown" [_thread_blocked, id=6532, stack(0x000000be83d00000,0x000000be84200000)]
  0x000001d816a4b000 JavaThread "AWT-Windows" daemon [_thread_in_native, id=7476, stack(0x000000be84200000,0x000000be84700000)]
  0x000001d816ef8800 JavaThread "TimerQueue" daemon [_thread_blocked, id=12408, stack(0x000000be84700000,0x000000be84c00000)]
=>0x000001d82b3a0000 JavaThread "AWT-EventQueue-0" [_thread_in_native, id=9720, stack(0x000000be85600000,0x000000be85b00000)]
  0x000001d82a96e800 JavaThread "Thread-1" [_thread_in_native, id=14584, stack(0x000000be80000000,0x000000be81400000)]
  0x000001d82a045800 JavaThread "Process Messages Thread" [_thread_blocked, id=18180, stack(0x000000be86000000,0x000000be86500000)]
  0x000001d817373800 JavaThread "Batik CleanerThread" daemon [_thread_blocked, id=12900, stack(0x000000be85b00000,0x000000be86000000)]
  0x000001d839bc9800 JavaThread "SyntheticaCleanerThread" daemon [_thread_blocked, id=11404, stack(0x000000be87900000,0x000000be87e00000)]
  0x000001d839bcc000 JavaThread "Monitor HEventQueue Thread" [_thread_blocked, id=17812, stack(0x000000be88500000,0x000000be88a00000)]
  0x000001d839bcd800 JavaThread "SyntheticaAnimation 50" daemon [_thread_blocked, id=15528, stack(0x000000be88a00000,0x000000be88f00000)]
  0x000001d8307b8800 JavaThread "SyntheticaAnimation 25" daemon [_thread_blocked, id=3204, stack(0x000000be89000000,0x000000be89500000)]
  0x000001d8307b6800 JavaThread "SyntheticaAnimation 70" daemon [_thread_blocked, id=6512, stack(0x000000be89a00000,0x000000be89f00000)]
  0x000001d8307bb800 JavaThread "Refresh Filesets Swing Worker Thread" [_thread_blocked, id=6252, stack(0x000000be89f00000,0x000000be8a400000)]
  0x000001d8307ba000 JavaThread "hw_ila_monitor" [_thread_blocked, id=16496, stack(0x000000be8a400000,0x000000be8a900000)]
  0x000001d8307bf000 JavaThread "pool-1-thread-1" [_thread_blocked, id=8628, stack(0x000000be8a900000,0x000000be8ae00000)]
  0x000001d8307bf800 JavaThread "pool-2-thread-1" [_thread_blocked, id=2792, stack(0x000000be8ae00000,0x000000be8b300000)]
  0x000001d8307c0800 JavaThread "pool-3-thread-1" [_thread_blocked, id=11812, stack(0x000000be8b300000,0x000000be8b800000)]
  0x000001d8307be000 JavaThread "Update Runs Swing Worker Thread" [_thread_blocked, id=16240, stack(0x000000be8b800000,0x000000be8bd00000)]
  0x000001d8307b9000 JavaThread "SyntheticaAnimation 50" daemon [_thread_blocked, id=12256, stack(0x000000be84c00000,0x000000be85100000)]
  0x000001d865d95800 JavaThread "Timer-0" [_thread_blocked, id=17688, stack(0x000000be8c200000,0x000000be8c700000)]
  0x000001d865d99000 JavaThread "Monitor File Timestamp Swing Worker Thread" [_thread_blocked, id=13152, stack(0x000000be8c700000,0x000000be8cc00000)]
  0x000001d865d94800 JavaThread "SyntheticaAnimation 50" daemon [_thread_blocked, id=12124, stack(0x000000be87300000,0x000000be87800000)]
  0x000001d865d98000 JavaThread "Swing-Shell" daemon [_thread_blocked, id=9380, stack(0x000000be88000000,0x000000be88500000)]
  0x000001d86cfc3800 JavaThread "Thread-9429" [_thread_in_native, id=7728, stack(0x000000be85100000,0x000000be85200000)]
  0x000001d86cfc5800 JavaThread "Thread-15583" [_thread_in_native, id=8296, stack(0x000000be82900000,0x000000be82a00000)]
  0x000001d86cfcb000 JavaThread "Timer-1" [_thread_blocked, id=16552, stack(0x000000be8bd00000,0x000000be8c200000)]
  0x000001d86cfc9800 JavaThread "Monitor File Timestamp Swing Worker Thread" [_thread_blocked, id=18360, stack(0x000000be8cc00000,0x000000be8d100000)]
  0x000001d86cfcc800 JavaThread "Image Animator 3" daemon [_thread_blocked, id=11492, stack(0x000000be8d100000,0x000000be8d600000)]
  0x000001d865d9a800 JavaThread "Relaunch Simulation Thread" [_thread_blocked, id=11516, stack(0x000000be89500000,0x000000be89a00000)]

Other Threads:
  0x000001d80407d800 VMThread "VM Thread" [stack: 0x000000beff900000,0x000000beffa00000] [id=15084]
  0x000001d8024f8000 WatcherThread [stack: 0x000000be83700000,0x000000be83800000] [id=13476]
  0x000001d8025c6800 GCTaskThread "GC Thread#0" [stack: 0x000000beff400000,0x000000beff500000] [id=15692]
  0x000001d816c88800 GCTaskThread "GC Thread#1" [stack: 0x000000be86500000,0x000000be86600000] [id=8724]
  0x000001d82a4e9000 GCTaskThread "GC Thread#2" [stack: 0x000000be86600000,0x000000be86700000] [id=13324]
  0x000001d82a080800 GCTaskThread "GC Thread#3" [stack: 0x000000be86700000,0x000000be86800000] [id=17552]
  0x000001d82a10a000 GCTaskThread "GC Thread#4" [stack: 0x000000be86800000,0x000000be86900000] [id=15156]
  0x000001d82a282000 GCTaskThread "GC Thread#5" [stack: 0x000000be86900000,0x000000be86a00000] [id=5620]
  0x000001d82a083800 GCTaskThread "GC Thread#6" [stack: 0x000000be86a00000,0x000000be86b00000] [id=9136]
  0x000001d82a68f000 GCTaskThread "GC Thread#7" [stack: 0x000000be86b00000,0x000000be86c00000] [id=8068]
  0x000001d82a28f000 GCTaskThread "GC Thread#8" [stack: 0x000000be86c00000,0x000000be86d00000] [id=5936]
  0x000001d82a28f800 GCTaskThread "GC Thread#9" [stack: 0x000000be86d00000,0x000000be86e00000] [id=15056]
  0x000001d82a1a8000 GCTaskThread "GC Thread#10" [stack: 0x000000be86e00000,0x000000be86f00000] [id=3832]
  0x000001d82a3a4800 GCTaskThread "GC Thread#11" [stack: 0x000000be86f00000,0x000000be87000000] [id=6092]
  0x000001d804255800 GCTaskThread "GC Thread#12" [stack: 0x000000be85200000,0x000000be85300000] [id=1676]
  0x000001d8375cd000 ConcurrentGCThread "G1 Main Marker" [stack: 0x000000beff500000,0x000000beff600000] [id=9692]
  0x000001d837577800 ConcurrentGCThread "G1 Conc#0" [stack: 0x000000beff600000,0x000000beff700000] [id=6664]
  0x000001d82abfe800 ConcurrentGCThread "G1 Conc#1" [stack: 0x000000be87100000,0x000000be87200000] [id=13420]
  0x000001d817283800 ConcurrentGCThread "G1 Conc#2" [stack: 0x000000be87200000,0x000000be87300000] [id=3576]
  0x000001d837578800 ConcurrentGCThread "G1 Refine#0" [stack: 0x000000beff700000,0x000000beff800000] [id=1736]
  0x000001d82a153000 ConcurrentGCThread "G1 Refine#1" [stack: 0x000000be87000000,0x000000be87100000] [id=10996]
  0x000001d82baae800 ConcurrentGCThread "G1 Refine#2" [stack: 0x000000be85400000,0x000000be85500000] [id=6800]
  0x000001d82ab13000 ConcurrentGCThread "G1 Refine#3" [stack: 0x000000be88f00000,0x000000be89000000] [id=9588]
  0x000001d839d32000 ConcurrentGCThread "G1 Young RemSet Sampling" [stack: 0x000000beff800000,0x000000beff900000] [id=14928]

Threads with active compile tasks:

VM state:not at safepoint (normal execution)

VM Mutex/Monitor currently owned by a thread: None

Heap address: 0x0000000740000000, size: 3072 MB, Compressed Oops mode: Zero based, Oop shift amount: 3
Narrow klass base: 0x0000000800000000, Narrow klass shift: 0
Compressed class space size: 1073741824 Address: 0x0000000800000000

Heap:
 garbage-first heap   total 235520K, used 156891K [0x0000000740000000, 0x0000000800000000)
  region size 1024K, 20 young (20480K), 1 survivors (1024K)
 Metaspace       used 107439K, capacity 108654K, committed 113416K, reserved 1146880K
  class space    used 14206K, capacity 14683K, committed 16384K, reserved 1048576K
Heap Regions: E=young(eden), S=young(survivor), O=old, HS=humongous(starts), HC=humongous(continues), CS=collection set, F=free, A=archive, TAMS=top-at-mark-start (previous, next)
|   0|0x0000000740000000, 0x0000000740100000, 0x0000000740100000|100%|HS|  |TAMS 0x0000000740100000, 0x0000000740000000| Complete 
|   1|0x0000000740100000, 0x0000000740200000, 0x0000000740200000|100%|HC|  |TAMS 0x0000000740200000, 0x0000000740100000| Complete 
|   2|0x0000000740200000, 0x0000000740300000, 0x0000000740300000|100%|HS|  |TAMS 0x0000000740300000, 0x0000000740200000| Complete 
|   3|0x0000000740300000, 0x0000000740400000, 0x0000000740400000|100%| O|  |TAMS 0x0000000740400000, 0x0000000740300000| Untracked 
|   4|0x0000000740400000, 0x00000007404ffff0, 0x0000000740500000| 99%| O|  |TAMS 0x00000007404ffff0, 0x0000000740400000| Untracked 
|   5|0x0000000740500000, 0x0000000740600000, 0x0000000740600000|100%| O|  |TAMS 0x0000000740600000, 0x0000000740500000| Untracked 
|   6|0x0000000740600000, 0x0000000740700000, 0x0000000740700000|100%| O|  |TAMS 0x0000000740700000, 0x0000000740600000| Untracked 
|   7|0x0000000740700000, 0x0000000740800000, 0x0000000740800000|100%| O|  |TAMS 0x0000000740800000, 0x0000000740700000| Untracked 
|   8|0x0000000740800000, 0x00000007408fffd0, 0x0000000740900000| 99%| O|  |TAMS 0x00000007408fffd0, 0x0000000740800000| Untracked 
|   9|0x0000000740900000, 0x0000000740a00000, 0x0000000740a00000|100%| O|  |TAMS 0x0000000740a00000, 0x0000000740900000| Untracked 
|  10|0x0000000740a00000, 0x0000000740affff8, 0x0000000740b00000| 99%| O|  |TAMS 0x0000000740affff8, 0x0000000740a00000| Untracked 
|  11|0x0000000740b00000, 0x0000000740bffff8, 0x0000000740c00000| 99%| O|  |TAMS 0x0000000740bffff8, 0x0000000740b00000| Untracked 
|  12|0x0000000740c00000, 0x0000000740cffff8, 0x0000000740d00000| 99%| O|  |TAMS 0x0000000740cffff8, 0x0000000740c00000| Untracked 
|  13|0x0000000740d00000, 0x0000000740dffff0, 0x0000000740e00000| 99%| O|  |TAMS 0x0000000740dffff0, 0x0000000740d00000| Untracked 
|  14|0x0000000740e00000, 0x0000000740f00000, 0x0000000740f00000|100%| O|  |TAMS 0x0000000740f00000, 0x0000000740e00000| Untracked 
|  15|0x0000000740f00000, 0x0000000741000000, 0x0000000741000000|100%| O|  |TAMS 0x0000000741000000, 0x0000000740f00000| Untracked 
|  16|0x0000000741000000, 0x00000007410ffff0, 0x0000000741100000| 99%| O|  |TAMS 0x00000007410ffff0, 0x0000000741000000| Untracked 
|  17|0x0000000741100000, 0x00000007411ffff8, 0x0000000741200000| 99%| O|  |TAMS 0x00000007411ffff8, 0x0000000741100000| Untracked 
|  18|0x0000000741200000, 0x00000007412ffff8, 0x0000000741300000| 99%| O|  |TAMS 0x00000007412ffff8, 0x0000000741200000| Untracked 
|  19|0x0000000741300000, 0x00000007413ffff0, 0x0000000741400000| 99%| O|  |TAMS 0x00000007413ffff0, 0x0000000741300000| Untracked 
|  20|0x0000000741400000, 0x00000007414ffff0, 0x0000000741500000| 99%| O|  |TAMS 0x00000007414ffff0, 0x0000000741400000| Untracked 
|  21|0x0000000741500000, 0x00000007415ffff8, 0x0000000741600000| 99%| O|  |TAMS 0x00000007415ffff8, 0x0000000741500000| Untracked 
|  22|0x0000000741600000, 0x0000000741700000, 0x0000000741700000|100%| O|  |TAMS 0x0000000741700000, 0x0000000741600000| Untracked 
|  23|0x0000000741700000, 0x00000007417ffff8, 0x0000000741800000| 99%| O|  |TAMS 0x00000007417ffff8, 0x0000000741700000| Untracked 
|  24|0x0000000741800000, 0x0000000741900000, 0x0000000741900000|100%| O|  |TAMS 0x0000000741900000, 0x0000000741800000| Untracked 
|  25|0x0000000741900000, 0x0000000741a00000, 0x0000000741a00000|100%| O|  |TAMS 0x0000000741a00000, 0x0000000741900000| Untracked 
|  26|0x0000000741a00000, 0x0000000741afffc0, 0x0000000741b00000| 99%| O|  |TAMS 0x0000000741afffc0, 0x0000000741a00000| Untracked 
|  27|0x0000000741b00000, 0x0000000741c00000, 0x0000000741c00000|100%| O|  |TAMS 0x0000000741c00000, 0x0000000741b00000| Untracked 
|  28|0x0000000741c00000, 0x0000000741cfffe0, 0x0000000741d00000| 99%| O|  |TAMS 0x0000000741cfffe0, 0x0000000741c00000| Untracked 
|  29|0x0000000741d00000, 0x0000000741e00000, 0x0000000741e00000|100%| O|  |TAMS 0x0000000741e00000, 0x0000000741d00000| Untracked 
|  30|0x0000000741e00000, 0x0000000741effff8, 0x0000000741f00000| 99%| O|  |TAMS 0x0000000741effff8, 0x0000000741e00000| Untracked 
|  31|0x0000000741f00000, 0x0000000741fffff0, 0x0000000742000000| 99%| O|  |TAMS 0x0000000741fffff0, 0x0000000741f00000| Untracked 
|  32|0x0000000742000000, 0x00000007420ffff8, 0x0000000742100000| 99%| O|  |TAMS 0x00000007420ffff8, 0x0000000742000000| Untracked 
|  33|0x0000000742100000, 0x00000007421ffff0, 0x0000000742200000| 99%| O|  |TAMS 0x00000007421ffff0, 0x0000000742100000| Untracked 
|  34|0x0000000742200000, 0x00000007422ffff8, 0x0000000742300000| 99%| O|  |TAMS 0x00000007422ffff8, 0x0000000742200000| Untracked 
|  35|0x0000000742300000, 0x00000007423ffff8, 0x0000000742400000| 99%| O|  |TAMS 0x00000007423ffff8, 0x0000000742300000| Untracked 
|  36|0x0000000742400000, 0x0000000742500000, 0x0000000742500000|100%| O|  |TAMS 0x0000000742500000, 0x0000000742400000| Untracked 
|  37|0x0000000742500000, 0x0000000742600000, 0x0000000742600000|100%| O|  |TAMS 0x0000000742600000, 0x0000000742500000| Untracked 
|  38|0x0000000742600000, 0x00000007426ffff8, 0x0000000742700000| 99%| O|  |TAMS 0x00000007426ffff8, 0x0000000742600000| Untracked 
|  39|0x0000000742700000, 0x0000000742800000, 0x0000000742800000|100%| O|  |TAMS 0x0000000742800000, 0x0000000742700000| Untracked 
|  40|0x0000000742800000, 0x0000000742900000, 0x0000000742900000|100%| O|  |TAMS 0x0000000742900000, 0x0000000742800000| Untracked 
|  41|0x0000000742900000, 0x0000000742a00000, 0x0000000742a00000|100%| O|  |TAMS 0x0000000742a00000, 0x0000000742900000| Untracked 
|  42|0x0000000742a00000, 0x0000000742b00000, 0x0000000742b00000|100%| O|  |TAMS 0x0000000742b00000, 0x0000000742a00000| Untracked 
|  43|0x0000000742b00000, 0x0000000742bffff0, 0x0000000742c00000| 99%| O|  |TAMS 0x0000000742bffff0, 0x0000000742b00000| Untracked 
|  44|0x0000000742c00000, 0x0000000742d00000, 0x0000000742d00000|100%| O|  |TAMS 0x0000000742d00000, 0x0000000742c00000| Untracked 
|  45|0x0000000742d00000, 0x0000000742dffff0, 0x0000000742e00000| 99%| O|  |TAMS 0x0000000742dffff0, 0x0000000742d00000| Untracked 
|  46|0x0000000742e00000, 0x0000000742effff0, 0x0000000742f00000| 99%| O|  |TAMS 0x0000000742effff0, 0x0000000742e00000| Untracked 
|  47|0x0000000742f00000, 0x0000000743000000, 0x0000000743000000|100%| O|  |TAMS 0x0000000743000000, 0x0000000742f00000| Untracked 
|  48|0x0000000743000000, 0x00000007430ffff0, 0x0000000743100000| 99%| O|  |TAMS 0x00000007430ffff0, 0x0000000743000000| Untracked 
|  49|0x0000000743100000, 0x00000007431ffff0, 0x0000000743200000| 99%| O|  |TAMS 0x00000007431ffff0, 0x0000000743100000| Untracked 
|  50|0x0000000743200000, 0x00000007432ffff8, 0x0000000743300000| 99%| O|  |TAMS 0x00000007432ffff8, 0x0000000743200000| Untracked 
|  51|0x0000000743300000, 0x0000000743400000, 0x0000000743400000|100%| O|  |TAMS 0x0000000743400000, 0x0000000743300000| Untracked 
|  52|0x0000000743400000, 0x0000000743500000, 0x0000000743500000|100%| O|  |TAMS 0x0000000743500000, 0x0000000743400000| Untracked 
|  53|0x0000000743500000, 0x00000007435fff80, 0x0000000743600000| 99%| O|  |TAMS 0x00000007435fff80, 0x0000000743500000| Untracked 
|  54|0x0000000743600000, 0x0000000743700000, 0x0000000743700000|100%| O|  |TAMS 0x0000000743700000, 0x0000000743600000| Untracked 
|  55|0x0000000743700000, 0x0000000743800000, 0x0000000743800000|100%| O|  |TAMS 0x0000000743800000, 0x0000000743700000| Untracked 
|  56|0x0000000743800000, 0x00000007438ffff8, 0x0000000743900000| 99%| O|  |TAMS 0x00000007438ffff8, 0x0000000743800000| Untracked 
|  57|0x0000000743900000, 0x00000007439ffff0, 0x0000000743a00000| 99%| O|  |TAMS 0x00000007439ffff0, 0x0000000743900000| Untracked 
|  58|0x0000000743a00000, 0x0000000743affff0, 0x0000000743b00000| 99%| O|  |TAMS 0x0000000743affff0, 0x0000000743a00000| Untracked 
|  59|0x0000000743b00000, 0x0000000743bfffe8, 0x0000000743c00000| 99%| O|  |TAMS 0x0000000743bfffe8, 0x0000000743b00000| Untracked 
|  60|0x0000000743c00000, 0x0000000743cfffe0, 0x0000000743d00000| 99%| O|  |TAMS 0x0000000743cfffe0, 0x0000000743c00000| Untracked 
|  61|0x0000000743d00000, 0x0000000743dfffe8, 0x0000000743e00000| 99%| O|  |TAMS 0x0000000743dfffe8, 0x0000000743d00000| Untracked 
|  62|0x0000000743e00000, 0x0000000743effff0, 0x0000000743f00000| 99%| O|  |TAMS 0x0000000743effff0, 0x0000000743e00000| Untracked 
|  63|0x0000000743f00000, 0x0000000744000000, 0x0000000744000000|100%| O|  |TAMS 0x0000000744000000, 0x0000000743f00000| Untracked 
|  64|0x0000000744000000, 0x00000007440ffff0, 0x0000000744100000| 99%| O|  |TAMS 0x00000007440ffff0, 0x0000000744000000| Untracked 
|  65|0x0000000744100000, 0x0000000744200000, 0x0000000744200000|100%| O|  |TAMS 0x0000000744200000, 0x0000000744100000| Untracked 
|  66|0x0000000744200000, 0x0000000744300000, 0x0000000744300000|100%| O|  |TAMS 0x0000000744300000, 0x0000000744200000| Untracked 
|  67|0x0000000744300000, 0x00000007443ffff8, 0x0000000744400000| 99%| O|  |TAMS 0x00000007443ffff8, 0x0000000744300000| Untracked 
|  68|0x0000000744400000, 0x00000007444ffe70, 0x0000000744500000| 99%| O|  |TAMS 0x00000007444ffe70, 0x0000000744400000| Untracked 
|  69|0x0000000744500000, 0x00000007445ff450, 0x0000000744600000| 99%| O|  |TAMS 0x00000007445ff450, 0x0000000744500000| Untracked 
|  70|0x0000000744600000, 0x0000000744700000, 0x0000000744700000|100%| O|  |TAMS 0x0000000744700000, 0x0000000744600000| Untracked 
|  71|0x0000000744700000, 0x00000007447ffff0, 0x0000000744800000| 99%| O|  |TAMS 0x00000007447ffff0, 0x0000000744700000| Untracked 
|  72|0x0000000744800000, 0x00000007448ffff0, 0x0000000744900000| 99%| O|  |TAMS 0x00000007448ffff0, 0x0000000744800000| Untracked 
|  73|0x0000000744900000, 0x00000007449ffff8, 0x0000000744a00000| 99%| O|  |TAMS 0x00000007449ffff8, 0x0000000744900000| Untracked 
|  74|0x0000000744a00000, 0x0000000744affff8, 0x0000000744b00000| 99%| O|  |TAMS 0x0000000744affff8, 0x0000000744a00000| Untracked 
|  75|0x0000000744b00000, 0x0000000744c00000, 0x0000000744c00000|100%| O|  |TAMS 0x0000000744c00000, 0x0000000744b00000| Untracked 
|  76|0x0000000744c00000, 0x0000000744cffff8, 0x0000000744d00000| 99%| O|  |TAMS 0x0000000744cffff8, 0x0000000744c00000| Untracked 
|  77|0x0000000744d00000, 0x0000000744e00000, 0x0000000744e00000|100%| O|  |TAMS 0x0000000744e00000, 0x0000000744d00000| Untracked 
|  78|0x0000000744e00000, 0x0000000744efffe8, 0x0000000744f00000| 99%| O|  |TAMS 0x0000000744efffe8, 0x0000000744e00000| Untracked 
|  79|0x0000000744f00000, 0x0000000744fffff0, 0x0000000745000000| 99%| O|  |TAMS 0x0000000744fffff0, 0x0000000744f00000| Untracked 
|  80|0x0000000745000000, 0x00000007450fffe0, 0x0000000745100000| 99%| O|  |TAMS 0x00000007450fffe0, 0x0000000745000000| Untracked 
|  81|0x0000000745100000, 0x00000007451fffe0, 0x0000000745200000| 99%| O|  |TAMS 0x00000007451fffe0, 0x0000000745100000| Untracked 
|  82|0x0000000745200000, 0x00000007452ffff0, 0x0000000745300000| 99%| O|  |TAMS 0x00000007452ffff0, 0x0000000745200000| Untracked 
|  83|0x0000000745300000, 0x00000007453ffff8, 0x0000000745400000| 99%| O|  |TAMS 0x00000007453ffff8, 0x0000000745300000| Untracked 
|  84|0x0000000745400000, 0x00000007454ffff0, 0x0000000745500000| 99%| O|  |TAMS 0x00000007454ffff0, 0x0000000745400000| Untracked 
|  85|0x0000000745500000, 0x00000007455ffff0, 0x0000000745600000| 99%| O|  |TAMS 0x00000007455ffff0, 0x0000000745500000| Untracked 
|  86|0x0000000745600000, 0x0000000745700000, 0x0000000745700000|100%| O|  |TAMS 0x0000000745700000, 0x0000000745600000| Untracked 
|  87|0x0000000745700000, 0x00000007457fffd0, 0x0000000745800000| 99%| O|  |TAMS 0x00000007457fffd0, 0x0000000745700000| Untracked 
|  88|0x0000000745800000, 0x00000007458fffe0, 0x0000000745900000| 99%| O|  |TAMS 0x00000007458fffe0, 0x0000000745800000| Untracked 
|  89|0x0000000745900000, 0x0000000745a00000, 0x0000000745a00000|100%|HS|  |TAMS 0x0000000745a00000, 0x0000000745900000| Complete 
|  90|0x0000000745a00000, 0x0000000745b00000, 0x0000000745b00000|100%|HC|  |TAMS 0x0000000745b00000, 0x0000000745a00000| Complete 
|  91|0x0000000745b00000, 0x0000000745c00000, 0x0000000745c00000|100%|HC|  |TAMS 0x0000000745c00000, 0x0000000745b00000| Complete 
|  92|0x0000000745c00000, 0x0000000745d00000, 0x0000000745d00000|100%|HC|  |TAMS 0x0000000745d00000, 0x0000000745c00000| Complete 
|  93|0x0000000745d00000, 0x0000000745e00000, 0x0000000745e00000|100%|HC|  |TAMS 0x0000000745e00000, 0x0000000745d00000| Complete 
|  94|0x0000000745e00000, 0x0000000745f00000, 0x0000000745f00000|100%|HC|  |TAMS 0x0000000745f00000, 0x0000000745e00000| Complete 
|  95|0x0000000745f00000, 0x0000000746000000, 0x0000000746000000|100%|HC|  |TAMS 0x0000000746000000, 0x0000000745f00000| Complete 
|  96|0x0000000746000000, 0x0000000746100000, 0x0000000746100000|100%|HC|  |TAMS 0x0000000746100000, 0x0000000746000000| Complete 
|  97|0x0000000746100000, 0x0000000746200000, 0x0000000746200000|100%|HC|  |TAMS 0x0000000746200000, 0x0000000746100000| Complete 
|  98|0x0000000746200000, 0x0000000746300000, 0x0000000746300000|100%|HC|  |TAMS 0x0000000746300000, 0x0000000746200000| Complete 
|  99|0x0000000746300000, 0x0000000746400000, 0x0000000746400000|100%|HC|  |TAMS 0x0000000746400000, 0x0000000746300000| Complete 
| 100|0x0000000746400000, 0x0000000746500000, 0x0000000746500000|100%|HC|  |TAMS 0x0000000746500000, 0x0000000746400000| Complete 
| 101|0x0000000746500000, 0x0000000746600000, 0x0000000746600000|100%|HC|  |TAMS 0x0000000746600000, 0x0000000746500000| Complete 
| 102|0x0000000746600000, 0x0000000746700000, 0x0000000746700000|100%|HC|  |TAMS 0x0000000746700000, 0x0000000746600000| Complete 
| 103|0x0000000746700000, 0x00000007467fffd8, 0x0000000746800000| 99%| O|  |TAMS 0x00000007467fffd8, 0x0000000746700000| Untracked 
| 104|0x0000000746800000, 0x00000007468fffe8, 0x0000000746900000| 99%| O|  |TAMS 0x00000007468fffe8, 0x0000000746800000| Untracked 
| 105|0x0000000746900000, 0x00000007469ffff8, 0x0000000746a00000| 99%| O|  |TAMS 0x00000007469ffff8, 0x0000000746900000| Untracked 
| 106|0x0000000746a00000, 0x0000000746affff8, 0x0000000746b00000| 99%| O|  |TAMS 0x0000000746affff8, 0x0000000746a00000| Untracked 
| 107|0x0000000746b00000, 0x0000000746c00000, 0x0000000746c00000|100%| O|  |TAMS 0x0000000746c00000, 0x0000000746b00000| Untracked 
| 108|0x0000000746c00000, 0x0000000746cffff8, 0x0000000746d00000| 99%| O|  |TAMS 0x0000000746cffff8, 0x0000000746c00000| Untracked 
| 109|0x0000000746d00000, 0x0000000746dfff60, 0x0000000746e00000| 99%| O|  |TAMS 0x0000000746dfff60, 0x0000000746d00000| Untracked 
| 110|0x0000000746e00000, 0x0000000746efffe0, 0x0000000746f00000| 99%| O|  |TAMS 0x0000000746efffe0, 0x0000000746e00000| Untracked 
| 111|0x0000000746f00000, 0x0000000746ffd760, 0x0000000747000000| 99%| O|  |TAMS 0x0000000746ffd760, 0x0000000746f00000| Untracked 
| 112|0x0000000747000000, 0x0000000747100000, 0x0000000747100000|100%| O|  |TAMS 0x0000000747100000, 0x0000000747000000| Untracked 
| 113|0x0000000747100000, 0x00000007471ffb30, 0x0000000747200000| 99%| O|  |TAMS 0x00000007471ffb30, 0x0000000747100000| Untracked 
| 114|0x0000000747200000, 0x00000007472ffff8, 0x0000000747300000| 99%| O|  |TAMS 0x00000007472ffff8, 0x0000000747200000| Untracked 
| 115|0x0000000747300000, 0x00000007473ffdd8, 0x0000000747400000| 99%| O|  |TAMS 0x00000007473ffdd8, 0x0000000747300000| Untracked 
| 116|0x0000000747400000, 0x0000000747500000, 0x0000000747500000|100%| O|  |TAMS 0x0000000747500000, 0x0000000747400000| Untracked 
| 117|0x0000000747500000, 0x0000000747600000, 0x0000000747600000|100%| O|  |TAMS 0x0000000747600000, 0x0000000747500000| Untracked 
| 118|0x0000000747600000, 0x00000007476fffe8, 0x0000000747700000| 99%| O|  |TAMS 0x00000007476fffe8, 0x0000000747600000| Untracked 
| 119|0x0000000747700000, 0x00000007477ffff8, 0x0000000747800000| 99%| O|  |TAMS 0x00000007477ffff8, 0x0000000747700000| Untracked 
| 120|0x0000000747800000, 0x00000007478eaa48, 0x0000000747900000| 91%| O|  |TAMS 0x00000007478eaa48, 0x0000000747800000| Untracked 
| 121|0x0000000747900000, 0x00000007479fad88, 0x0000000747a00000| 97%| O|  |TAMS 0x00000007479fad88, 0x0000000747900000| Untracked 
| 122|0x0000000747a00000, 0x0000000747ada668, 0x0000000747b00000| 85%| O|  |TAMS 0x0000000747ada668, 0x0000000747a00000| Untracked 
| 123|0x0000000747b00000, 0x0000000747bfce70, 0x0000000747c00000| 98%| O|  |TAMS 0x0000000747bfce70, 0x0000000747b00000| Untracked 
| 124|0x0000000747c00000, 0x0000000747d00000, 0x0000000747d00000|100%|HS|  |TAMS 0x0000000747d00000, 0x0000000747c00000| Complete 
| 125|0x0000000747d00000, 0x0000000747d00000, 0x0000000747e00000|  0%| F|  |TAMS 0x0000000747d00000, 0x0000000747d00000| Untracked 
| 126|0x0000000747e00000, 0x0000000747ea7fd0, 0x0000000747f00000| 65%| O|  |TAMS 0x0000000747ea7fd0, 0x0000000747e00000| Untracked 
| 127|0x0000000747f00000, 0x0000000747f9a548, 0x0000000748000000| 60%| O|  |TAMS 0x0000000747f9a548, 0x0000000747f00000| Untracked 
| 128|0x0000000748000000, 0x0000000748047380, 0x0000000748100000| 27%| O|  |TAMS 0x0000000748047380, 0x0000000748000000| Untracked 
| 129|0x0000000748100000, 0x0000000748100000, 0x0000000748200000|  0%| F|  |TAMS 0x0000000748100000, 0x0000000748100000| Untracked 
| 130|0x0000000748200000, 0x0000000748300000, 0x0000000748300000|100%|HS|  |TAMS 0x0000000748300000, 0x0000000748200000| Complete 
| 131|0x0000000748300000, 0x0000000748400000, 0x0000000748400000|100%|HC|  |TAMS 0x0000000748400000, 0x0000000748300000| Complete 
| 132|0x0000000748400000, 0x0000000748500000, 0x0000000748500000|100%|HC|  |TAMS 0x0000000748500000, 0x0000000748400000| Complete 
| 133|0x0000000748500000, 0x0000000748600000, 0x0000000748600000|100%|HC|  |TAMS 0x0000000748600000, 0x0000000748500000| Complete 
| 134|0x0000000748600000, 0x0000000748700000, 0x0000000748700000|100%|HC|  |TAMS 0x0000000748700000, 0x0000000748600000| Complete 
| 135|0x0000000748700000, 0x0000000748800000, 0x0000000748800000|100%|HC|  |TAMS 0x0000000748800000, 0x0000000748700000| Complete 
| 136|0x0000000748800000, 0x0000000748900000, 0x0000000748900000|100%|HS|  |TAMS 0x0000000748900000, 0x0000000748800000| Untracked 
| 137|0x0000000748900000, 0x0000000748944de8, 0x0000000748a00000| 26%| O|  |TAMS 0x0000000748944de8, 0x0000000748900000| Untracked 
| 138|0x0000000748a00000, 0x0000000748a00000, 0x0000000748b00000|  0%| F|  |TAMS 0x0000000748a00000, 0x0000000748a00000| Untracked 
| 139|0x0000000748b00000, 0x0000000748b00000, 0x0000000748c00000|  0%| F|  |TAMS 0x0000000748b00000, 0x0000000748b00000| Untracked 
| 140|0x0000000748c00000, 0x0000000748c00000, 0x0000000748d00000|  0%| F|  |TAMS 0x0000000748c00000, 0x0000000748c00000| Untracked 
| 141|0x0000000748d00000, 0x0000000748d00000, 0x0000000748e00000|  0%| F|  |TAMS 0x0000000748d00000, 0x0000000748d00000| Untracked 
| 142|0x0000000748e00000, 0x0000000748e00000, 0x0000000748f00000|  0%| F|  |TAMS 0x0000000748e00000, 0x0000000748e00000| Untracked 
| 143|0x0000000748f00000, 0x0000000748f00000, 0x0000000749000000|  0%| F|  |TAMS 0x0000000748f00000, 0x0000000748f00000| Untracked 
| 144|0x0000000749000000, 0x0000000749000000, 0x0000000749100000|  0%| F|  |TAMS 0x0000000749000000, 0x0000000749000000| Untracked 
| 145|0x0000000749100000, 0x0000000749100000, 0x0000000749200000|  0%| F|  |TAMS 0x0000000749100000, 0x0000000749100000| Untracked 
| 146|0x0000000749200000, 0x0000000749200000, 0x0000000749300000|  0%| F|  |TAMS 0x0000000749200000, 0x0000000749200000| Untracked 
| 147|0x0000000749300000, 0x0000000749300000, 0x0000000749400000|  0%| F|  |TAMS 0x0000000749300000, 0x0000000749300000| Untracked 
| 148|0x0000000749400000, 0x0000000749400000, 0x0000000749500000|  0%| F|  |TAMS 0x0000000749400000, 0x0000000749400000| Untracked 
| 149|0x0000000749500000, 0x0000000749500000, 0x0000000749600000|  0%| F|  |TAMS 0x0000000749500000, 0x0000000749500000| Untracked 
| 150|0x0000000749600000, 0x0000000749600000, 0x0000000749700000|  0%| F|  |TAMS 0x0000000749600000, 0x0000000749600000| Untracked 
| 151|0x0000000749700000, 0x0000000749700000, 0x0000000749800000|  0%| F|  |TAMS 0x0000000749700000, 0x0000000749700000| Untracked 
| 152|0x0000000749800000, 0x0000000749800000, 0x0000000749900000|  0%| F|  |TAMS 0x0000000749800000, 0x0000000749800000| Untracked 
| 153|0x0000000749900000, 0x0000000749900000, 0x0000000749a00000|  0%| F|  |TAMS 0x0000000749900000, 0x0000000749900000| Untracked 
| 154|0x0000000749a00000, 0x0000000749a00000, 0x0000000749b00000|  0%| F|  |TAMS 0x0000000749a00000, 0x0000000749a00000| Untracked 
| 155|0x0000000749b00000, 0x0000000749b00000, 0x0000000749c00000|  0%| F|  |TAMS 0x0000000749b00000, 0x0000000749b00000| Untracked 
| 156|0x0000000749c00000, 0x0000000749c00000, 0x0000000749d00000|  0%| F|  |TAMS 0x0000000749c00000, 0x0000000749c00000| Untracked 
| 157|0x0000000749d00000, 0x0000000749d00000, 0x0000000749e00000|  0%| F|  |TAMS 0x0000000749d00000, 0x0000000749d00000| Untracked 
| 158|0x0000000749e00000, 0x0000000749e00000, 0x0000000749f00000|  0%| F|  |TAMS 0x0000000749e00000, 0x0000000749e00000| Untracked 
| 159|0x0000000749f00000, 0x0000000749f00000, 0x000000074a000000|  0%| F|  |TAMS 0x0000000749f00000, 0x0000000749f00000| Untracked 
| 160|0x000000074a000000, 0x000000074a000000, 0x000000074a100000|  0%| F|  |TAMS 0x000000074a000000, 0x000000074a000000| Untracked 
| 161|0x000000074a100000, 0x000000074a100000, 0x000000074a200000|  0%| F|  |TAMS 0x000000074a100000, 0x000000074a100000| Untracked 
| 162|0x000000074a200000, 0x000000074a200000, 0x000000074a300000|  0%| F|  |TAMS 0x000000074a200000, 0x000000074a200000| Untracked 
| 163|0x000000074a300000, 0x000000074a300000, 0x000000074a400000|  0%| F|  |TAMS 0x000000074a300000, 0x000000074a300000| Untracked 
| 164|0x000000074a400000, 0x000000074a400000, 0x000000074a500000|  0%| F|  |TAMS 0x000000074a400000, 0x000000074a400000| Untracked 
| 165|0x000000074a500000, 0x000000074a500000, 0x000000074a600000|  0%| F|  |TAMS 0x000000074a500000, 0x000000074a500000| Untracked 
| 166|0x000000074a600000, 0x000000074a600000, 0x000000074a700000|  0%| F|  |TAMS 0x000000074a600000, 0x000000074a600000| Untracked 
| 167|0x000000074a700000, 0x000000074a700000, 0x000000074a800000|  0%| F|  |TAMS 0x000000074a700000, 0x000000074a700000| Untracked 
| 168|0x000000074a800000, 0x000000074a8d5298, 0x000000074a900000| 83%| S|CS|TAMS 0x000000074a800000, 0x000000074a800000| Complete 
| 169|0x000000074a900000, 0x000000074a900000, 0x000000074aa00000|  0%| F|  |TAMS 0x000000074a900000, 0x000000074a900000| Untracked 
| 170|0x000000074aa00000, 0x000000074aa00000, 0x000000074ab00000|  0%| F|  |TAMS 0x000000074aa00000, 0x000000074aa00000| Untracked 
| 171|0x000000074ab00000, 0x000000074ab00000, 0x000000074ac00000|  0%| F|  |TAMS 0x000000074ab00000, 0x000000074ab00000| Untracked 
| 172|0x000000074ac00000, 0x000000074ac00000, 0x000000074ad00000|  0%| F|  |TAMS 0x000000074ac00000, 0x000000074ac00000| Untracked 
| 173|0x000000074ad00000, 0x000000074ad00000, 0x000000074ae00000|  0%| F|  |TAMS 0x000000074ad00000, 0x000000074ad00000| Untracked 
| 174|0x000000074ae00000, 0x000000074ae00000, 0x000000074af00000|  0%| F|  |TAMS 0x000000074ae00000, 0x000000074ae00000| Untracked 
| 175|0x000000074af00000, 0x000000074af00000, 0x000000074b000000|  0%| F|  |TAMS 0x000000074af00000, 0x000000074af00000| Untracked 
| 176|0x000000074b000000, 0x000000074b000000, 0x000000074b100000|  0%| F|  |TAMS 0x000000074b000000, 0x000000074b000000| Untracked 
| 177|0x000000074b100000, 0x000000074b100000, 0x000000074b200000|  0%| F|  |TAMS 0x000000074b100000, 0x000000074b100000| Untracked 
| 178|0x000000074b200000, 0x000000074b200000, 0x000000074b300000|  0%| F|  |TAMS 0x000000074b200000, 0x000000074b200000| Untracked 
| 179|0x000000074b300000, 0x000000074b300000, 0x000000074b400000|  0%| F|  |TAMS 0x000000074b300000, 0x000000074b300000| Untracked 
| 180|0x000000074b400000, 0x000000074b400000, 0x000000074b500000|  0%| F|  |TAMS 0x000000074b400000, 0x000000074b400000| Untracked 
| 181|0x000000074b500000, 0x000000074b500000, 0x000000074b600000|  0%| F|  |TAMS 0x000000074b500000, 0x000000074b500000| Untracked 
| 182|0x000000074b600000, 0x000000074b6b7550, 0x000000074b700000| 71%| O|  |TAMS 0x000000074b6b7550, 0x000000074b600000| Untracked 
| 183|0x000000074b700000, 0x000000074b700000, 0x000000074b800000|  0%| F|  |TAMS 0x000000074b700000, 0x000000074b700000| Untracked 
| 184|0x000000074b800000, 0x000000074b800000, 0x000000074b900000|  0%| F|  |TAMS 0x000000074b800000, 0x000000074b800000| Untracked 
| 185|0x000000074b900000, 0x000000074b900000, 0x000000074ba00000|  0%| F|  |TAMS 0x000000074b900000, 0x000000074b900000| Untracked 
| 186|0x000000074ba00000, 0x000000074ba00000, 0x000000074bb00000|  0%| F|  |TAMS 0x000000074ba00000, 0x000000074ba00000| Untracked 
| 187|0x000000074bb00000, 0x000000074bb00000, 0x000000074bc00000|  0%| F|  |TAMS 0x000000074bb00000, 0x000000074bb00000| Untracked 
| 188|0x000000074bc00000, 0x000000074bc00000, 0x000000074bd00000|  0%| F|  |TAMS 0x000000074bc00000, 0x000000074bc00000| Untracked 
| 189|0x000000074bd00000, 0x000000074bd00000, 0x000000074be00000|  0%| F|  |TAMS 0x000000074bd00000, 0x000000074bd00000| Untracked 
| 190|0x000000074be00000, 0x000000074be00000, 0x000000074bf00000|  0%| F|  |TAMS 0x000000074be00000, 0x000000074be00000| Untracked 
| 191|0x000000074bf00000, 0x000000074bf00000, 0x000000074c000000|  0%| F|  |TAMS 0x000000074bf00000, 0x000000074bf00000| Untracked 
| 192|0x000000074c000000, 0x000000074c000000, 0x000000074c100000|  0%| F|  |TAMS 0x000000074c000000, 0x000000074c000000| Untracked 
| 193|0x000000074c100000, 0x000000074c100000, 0x000000074c200000|  0%| F|  |TAMS 0x000000074c100000, 0x000000074c100000| Untracked 
| 194|0x000000074c200000, 0x000000074c200000, 0x000000074c300000|  0%| F|  |TAMS 0x000000074c200000, 0x000000074c200000| Untracked 
| 195|0x000000074c300000, 0x000000074c300000, 0x000000074c400000|  0%| F|  |TAMS 0x000000074c300000, 0x000000074c300000| Untracked 
| 196|0x000000074c400000, 0x000000074c400000, 0x000000074c500000|  0%| F|  |TAMS 0x000000074c400000, 0x000000074c400000| Untracked 
| 197|0x000000074c500000, 0x000000074c500000, 0x000000074c600000|  0%| F|  |TAMS 0x000000074c500000, 0x000000074c500000| Untracked 
| 198|0x000000074c600000, 0x000000074c600000, 0x000000074c700000|  0%| F|  |TAMS 0x000000074c600000, 0x000000074c600000| Untracked 
| 199|0x000000074c700000, 0x000000074c700000, 0x000000074c800000|  0%| F|  |TAMS 0x000000074c700000, 0x000000074c700000| Untracked 
| 200|0x000000074c800000, 0x000000074c800000, 0x000000074c900000|  0%| F|  |TAMS 0x000000074c800000, 0x000000074c800000| Untracked 
| 201|0x000000074c900000, 0x000000074c900000, 0x000000074ca00000|  0%| F|  |TAMS 0x000000074c900000, 0x000000074c900000| Untracked 
| 202|0x000000074ca00000, 0x000000074ca00000, 0x000000074cb00000|  0%| F|  |TAMS 0x000000074ca00000, 0x000000074ca00000| Untracked 
| 203|0x000000074cb00000, 0x000000074cb00000, 0x000000074cc00000|  0%| F|  |TAMS 0x000000074cb00000, 0x000000074cb00000| Untracked 
| 204|0x000000074cc00000, 0x000000074cc00000, 0x000000074cd00000|  0%| F|  |TAMS 0x000000074cc00000, 0x000000074cc00000| Untracked 
| 205|0x000000074cd00000, 0x000000074cd00000, 0x000000074ce00000|  0%| F|  |TAMS 0x000000074cd00000, 0x000000074cd00000| Untracked 
| 206|0x000000074ce00000, 0x000000074ce00000, 0x000000074cf00000|  0%| F|  |TAMS 0x000000074ce00000, 0x000000074ce00000| Untracked 
| 207|0x000000074cf00000, 0x000000074cf00000, 0x000000074d000000|  0%| F|  |TAMS 0x000000074cf00000, 0x000000074cf00000| Untracked 
| 208|0x000000074d000000, 0x000000074d000000, 0x000000074d100000|  0%| F|  |TAMS 0x000000074d000000, 0x000000074d000000| Untracked 
| 209|0x000000074d100000, 0x000000074d100000, 0x000000074d200000|  0%| F|  |TAMS 0x000000074d100000, 0x000000074d100000| Untracked 
| 210|0x000000074d200000, 0x000000074d2959d0, 0x000000074d300000| 58%| E|  |TAMS 0x000000074d200000, 0x000000074d200000| Complete 
| 211|0x000000074d300000, 0x000000074d3234c0, 0x000000074d400000| 13%| O|  |TAMS 0x000000074d3234c0, 0x000000074d300000| Untracked 
| 212|0x000000074d400000, 0x000000074d500000, 0x000000074d500000|100%| E|CS|TAMS 0x000000074d400000, 0x000000074d400000| Complete 
| 213|0x000000074d500000, 0x000000074d600000, 0x000000074d600000|100%| E|CS|TAMS 0x000000074d500000, 0x000000074d500000| Complete 
| 214|0x000000074d600000, 0x000000074d700000, 0x000000074d700000|100%| E|CS|TAMS 0x000000074d600000, 0x000000074d600000| Complete 
| 215|0x000000074d700000, 0x000000074d800000, 0x000000074d800000|100%| E|CS|TAMS 0x000000074d700000, 0x000000074d700000| Complete 
| 216|0x000000074d800000, 0x000000074d900000, 0x000000074d900000|100%| E|CS|TAMS 0x000000074d800000, 0x000000074d800000| Complete 
| 217|0x000000074d900000, 0x000000074da00000, 0x000000074da00000|100%| E|CS|TAMS 0x000000074d900000, 0x000000074d900000| Complete 
| 218|0x000000074da00000, 0x000000074db00000, 0x000000074db00000|100%| E|CS|TAMS 0x000000074da00000, 0x000000074da00000| Complete 
| 219|0x000000074db00000, 0x000000074dc00000, 0x000000074dc00000|100%| E|CS|TAMS 0x000000074db00000, 0x000000074db00000| Complete 
| 220|0x000000074dc00000, 0x000000074dd00000, 0x000000074dd00000|100%| E|CS|TAMS 0x000000074dc00000, 0x000000074dc00000| Complete 
| 221|0x000000074dd00000, 0x000000074de00000, 0x000000074de00000|100%| E|CS|TAMS 0x000000074dd00000, 0x000000074dd00000| Complete 
| 222|0x000000074de00000, 0x000000074df00000, 0x000000074df00000|100%| E|CS|TAMS 0x000000074de00000, 0x000000074de00000| Complete 
| 223|0x000000074df00000, 0x000000074e000000, 0x000000074e000000|100%| E|CS|TAMS 0x000000074df00000, 0x000000074df00000| Complete 
| 224|0x000000074e000000, 0x000000074e100000, 0x000000074e100000|100%| E|CS|TAMS 0x000000074e000000, 0x000000074e000000| Complete 
| 225|0x000000074e100000, 0x000000074e200000, 0x000000074e200000|100%| E|CS|TAMS 0x000000074e100000, 0x000000074e100000| Complete 
| 226|0x000000074e200000, 0x000000074e300000, 0x000000074e300000|100%| E|CS|TAMS 0x000000074e200000, 0x000000074e200000| Complete 
| 227|0x000000074e300000, 0x000000074e400000, 0x000000074e400000|100%| E|CS|TAMS 0x000000074e300000, 0x000000074e300000| Complete 
| 228|0x000000074e400000, 0x000000074e500000, 0x000000074e500000|100%| E|CS|TAMS 0x000000074e400000, 0x000000074e400000| Complete 
| 229|0x000000074e500000, 0x000000074e600000, 0x000000074e600000|100%| E|CS|TAMS 0x000000074e500000, 0x000000074e500000| Complete 

Card table byte_map: [0x000001d80c550000,0x000001d80cb50000] _byte_map_base: 0x000001d808b50000

Marking Bits (Prev, Next): (CMBitMap*) 0x000001d8025c6c40, (CMBitMap*) 0x000001d8025c6c08
 Prev Bits: [0x000001d810150000, 0x000001d813150000)
 Next Bits: [0x000001d80d150000, 0x000001d810150000)

Polling page: 0x000001d800920000

Metaspace:

Usage:
  Non-class:     91.77 MB capacity,    91.05 MB (>99%) used,   549.55 KB ( <1%) free+waste,   188.44 KB ( <1%) overhead. 
      Class:     14.34 MB capacity,    13.87 MB ( 97%) used,   397.08 KB (  3%) free+waste,    79.19 KB ( <1%) overhead. 
       Both:    106.11 MB capacity,   104.92 MB ( 99%) used,   946.63 KB ( <1%) free+waste,   267.63 KB ( <1%) overhead. 

Virtual space:
  Non-class space:       96.00 MB reserved,      94.76 MB ( 99%) committed 
      Class space:        1.00 GB reserved,      16.00 MB (  2%) committed 
             Both:        1.09 GB reserved,     110.76 MB ( 10%) committed 

Chunk freelists:
   Non-Class:  366.63 KB
       Class:  208.63 KB
        Both:  575.25 KB

CodeHeap 'non-profiled nmethods': size=119168Kb used=32140Kb max_used=32140Kb free=87027Kb
 bounds [0x000001d822730000, 0x000001d8246a0000, 0x000001d829b90000]
CodeHeap 'profiled nmethods': size=119168Kb used=52968Kb max_used=52968Kb free=66199Kb
 bounds [0x000001d81b2d0000, 0x000001d81e700000, 0x000001d822730000]
CodeHeap 'non-nmethods': size=7424Kb used=1748Kb max_used=3457Kb free=5675Kb
 bounds [0x000001d81ab90000, 0x000001d81af70000, 0x000001d81b2d0000]
 total_blobs=46655 nmethods=23079 adapters=1242
 compilation: enabled
              stopped_count=0, restarted_count=0
 full_count=0

Compilation events (10 events):
Event: 22267.021 Thread 0x000001d839c11800 nmethod 31291 0x000001d81e6fa910 code [0x000001d81e6fab40, 0x000001d81e6fb340]
Event: 22267.023 Thread 0x000001d839c11800 31292       3       ui.views.o.L::a (67 bytes)
Event: 22267.024 Thread 0x000001d839c11800 nmethod 31292 0x000001d81e6fb590 code [0x000001d81e6fb940, 0x000001d81e6fd250]
Event: 22267.024 Thread 0x000001d839c11800 31293       3       ui.views.o.L::b (37 bytes)
Event: 22267.025 Thread 0x000001d839c11800 nmethod 31293 0x000001d81e6fd990 code [0x000001d81e6fdc00, 0x000001d81e6fe5c0]
Event: 22267.047 Thread 0x000001d803d5c000 nmethod 31287 0x000001d824690c90 code [0x000001d824690fe0, 0x000001d824693690]
Event: 22267.048 Thread 0x000001d803d5c000 31288       4       com.google.protobuf.CodedOutputStream$ArrayEncoder::writeMessage (12 bytes)
Event: 22267.106 Thread 0x000001d803d5c000 nmethod 31288 0x000001d824694990 code [0x000001d824694dc0, 0x000001d824697e90]
Event: 22268.238 Thread 0x000001d803d5c000 31294       4       java.lang.String::<init> (10 bytes)
Event: 22268.240 Thread 0x000001d803d5c000 nmethod 31294 0x000001d824699f90 code [0x000001d82469a140, 0x000001d82469a3d8]

GC Heap History (10 events):
Event: 22249.564 GC heap before
{Heap before GC invocations=1851 (full 271):
 garbage-first heap   total 234496K, used 150385K [0x0000000740000000, 0x0000000800000000)
  region size 1024K, 15 young (15360K), 2 survivors (2048K)
 Metaspace       used 107406K, capacity 108654K, committed 113416K, reserved 1146880K
  class space    used 14206K, capacity 14683K, committed 16384K, reserved 1048576K
}
Event: 22249.625 GC heap after
{Heap after GC invocations=1852 (full 272):
 garbage-first heap   total 235520K, used 137247K [0x0000000740000000, 0x0000000800000000)
  region size 1024K, 0 young (0K), 0 survivors (0K)
 Metaspace       used 107406K, capacity 108654K, committed 113416K, reserved 1146880K
  class space    used 14206K, capacity 14683K, committed 16384K, reserved 1048576K
}
Event: 22255.368 GC heap before
{Heap before GC invocations=1852 (full 272):
 garbage-first heap   total 235520K, used 198687K [0x0000000740000000, 0x0000000800000000)
  region size 1024K, 60 young (61440K), 0 survivors (0K)
 Metaspace       used 107408K, capacity 108654K, committed 113416K, reserved 1146880K
  class space    used 14206K, capacity 14683K, committed 16384K, reserved 1048576K
}
Event: 22255.371 GC heap after
{Heap after GC invocations=1853 (full 272):
 garbage-first heap   total 235520K, used 138448K [0x0000000740000000, 0x0000000800000000)
  region size 1024K, 2 young (2048K), 2 survivors (2048K)
 Metaspace       used 107408K, capacity 108654K, committed 113416K, reserved 1146880K
  class space    used 14206K, capacity 14683K, committed 16384K, reserved 1048576K
}
Event: 22256.376 GC heap before
{Heap before GC invocations=1854 (full 272):
 garbage-first heap   total 235520K, used 158928K [0x0000000740000000, 0x0000000800000000)
  region size 1024K, 23 young (23552K), 2 survivors (2048K)
 Metaspace       used 107408K, capacity 108654K, committed 113416K, reserved 1146880K
  class space    used 14206K, capacity 14683K, committed 16384K, reserved 1048576K
}
Event: 22256.439 GC heap after
{Heap after GC invocations=1855 (full 273):
 garbage-first heap   total 235520K, used 137606K [0x0000000740000000, 0x0000000800000000)
  region size 1024K, 0 young (0K), 0 survivors (0K)
 Metaspace       used 107408K, capacity 108654K, committed 113416K, reserved 1146880K
  class space    used 14206K, capacity 14683K, committed 16384K, reserved 1048576K
}
Event: 22263.482 GC heap before
{Heap before GC invocations=1855 (full 273):
 garbage-first heap   total 235520K, used 199046K [0x0000000740000000, 0x0000000800000000)
  region size 1024K, 60 young (61440K), 0 survivors (0K)
 Metaspace       used 107408K, capacity 108654K, committed 113416K, reserved 1146880K
  class space    used 14206K, capacity 14683K, committed 16384K, reserved 1048576K
}
Event: 22263.485 GC heap after
{Heap after GC invocations=1856 (full 273):
 garbage-first heap   total 235520K, used 138257K [0x0000000740000000, 0x0000000800000000)
  region size 1024K, 1 young (1024K), 1 survivors (1024K)
 Metaspace       used 107408K, capacity 108654K, committed 113416K, reserved 1146880K
  class space    used 14206K, capacity 14683K, committed 16384K, reserved 1048576K
}
Event: 22267.009 GC heap before
{Heap before GC invocations=1857 (full 273):
 garbage-first heap   total 235520K, used 198673K [0x0000000740000000, 0x0000000800000000)
  region size 1024K, 60 young (61440K), 1 survivors (1024K)
 Metaspace       used 107437K, capacity 108654K, committed 113416K, reserved 1146880K
  class space    used 14206K, capacity 14683K, committed 16384K, reserved 1048576K
}
Event: 22267.012 GC heap after
{Heap after GC invocations=1858 (full 273):
 garbage-first heap   total 235520K, used 138459K [0x0000000740000000, 0x0000000800000000)
  region size 1024K, 1 young (1024K), 1 survivors (1024K)
 Metaspace       used 107437K, capacity 108654K, committed 113416K, reserved 1146880K
  class space    used 14206K, capacity 14683K, committed 16384K, reserved 1048576K
}

Deoptimization events (10 events):
Event: 22239.533 Thread 0x000001d82b3a0000 Uncommon trap: reason=class_check action=maybe_recompile pc=0x000001d823df5f0c method=sun.awt.image.ImageWatched$WeakLink.removeWatcher(Ljava/awt/image/ImageObserver;)Lsun/awt/image/ImageWatched$Link; @ 40 c2
Event: 22239.571 Thread 0x000001d82b3a0000 Uncommon trap: reason=class_check action=maybe_recompile pc=0x000001d823df5f0c method=sun.awt.image.ImageWatched$WeakLink.removeWatcher(Ljava/awt/image/ImageObserver;)Lsun/awt/image/ImageWatched$Link; @ 40 c2
Event: 22239.877 Thread 0x000001d82b3a0000 Uncommon trap: reason=array_check action=maybe_recompile pc=0x000001d823a96268 method=java.util.TimSort.mergeHi(IIII)V @ 101 c2
Event: 22243.182 Thread 0x000001d85722c000 Uncommon trap: reason=profile_predicate action=maybe_recompile pc=0x000001d8245a2380 method=sun.awt.image.PNGImageDecoder.produceImage()V @ 867 c2
Event: 22243.183 Thread 0x000001d85722c000 Uncommon trap: reason=profile_predicate action=maybe_recompile pc=0x000001d8245a2380 method=sun.awt.image.PNGImageDecoder.produceImage()V @ 867 c2
Event: 22243.183 Thread 0x000001d85722c000 Uncommon trap: reason=profile_predicate action=maybe_recompile pc=0x000001d8245a2380 method=sun.awt.image.PNGImageDecoder.produceImage()V @ 867 c2
Event: 22243.184 Thread 0x000001d85722c000 Uncommon trap: reason=profile_predicate action=maybe_recompile pc=0x000001d8245a2380 method=sun.awt.image.PNGImageDecoder.produceImage()V @ 867 c2
Event: 22248.125 Thread 0x000001d82b3a0000 Uncommon trap: reason=array_check action=maybe_recompile pc=0x000001d82315bb5c method=java.util.TimSort.mergeLo(IIII)V @ 212 c2
Event: 22255.360 Thread 0x000001d82b3a0000 Uncommon trap: reason=unstable_if action=reinterpret pc=0x000001d82433d9fc method=com.jidesoft.plaf.basic.BasicCellStyleTableHeaderUIDelegate.isMouseOverPaintArea(Ljava/awt/Point;Ljava/awt/Rectangle;Ljava/awt/Insets;)Z @ 6 c2
Event: 22255.360 Thread 0x000001d82b3a0000 Uncommon trap: reason=unstable_if action=reinterpret pc=0x000001d8233ac694 method=com.jidesoft.plaf.basic.BasicCellStyleTableHeaderUIDelegate.isMouseOverPaintArea(Ljava/awt/Point;Ljava/awt/Rectangle;Ljava/awt/Insets;)Z @ 6 c2

Classes redefined (0 events):
No events

Internal exceptions (10 events):
Event: 22246.141 Thread 0x000001d82b3a0000 Exception <a 'java/io/FileNotFoundException'{0x000000074c362d60}> (0x000000074c362d60) thrown at [t:/workspace/open/src/hotspot/share/prims/jni.cpp, line 615]
Event: 22246.141 Thread 0x000001d82b3a0000 Exception <a 'java/io/FileNotFoundException'{0x000000074c363530}> (0x000000074c363530) thrown at [t:/workspace/open/src/hotspot/share/prims/jni.cpp, line 615]
Event: 22251.142 Thread 0x000001d82b3a0000 Exception <a 'java/io/FileNotFoundException'{0x000000074d4ebbc8}> (0x000000074d4ebbc8) thrown at [t:/workspace/open/src/hotspot/share/prims/jni.cpp, line 615]
Event: 22251.142 Thread 0x000001d82b3a0000 Exception <a 'java/io/FileNotFoundException'{0x000000074d4ec8e8}> (0x000000074d4ec8e8) thrown at [t:/workspace/open/src/hotspot/share/prims/jni.cpp, line 615]
Event: 22256.143 Thread 0x000001d82b3a0000 Exception <a 'java/io/FileNotFoundException'{0x000000074d4f26f8}> (0x000000074d4f26f8) thrown at [t:/workspace/open/src/hotspot/share/prims/jni.cpp, line 615]
Event: 22256.143 Thread 0x000001d82b3a0000 Exception <a 'java/io/FileNotFoundException'{0x000000074d4f2ec8}> (0x000000074d4f2ec8) thrown at [t:/workspace/open/src/hotspot/share/prims/jni.cpp, line 615]
Event: 22261.143 Thread 0x000001d82b3a0000 Exception <a 'java/io/FileNotFoundException'{0x000000074b9a17e8}> (0x000000074b9a17e8) thrown at [t:/workspace/open/src/hotspot/share/prims/jni.cpp, line 615]
Event: 22261.143 Thread 0x000001d82b3a0000 Exception <a 'java/io/FileNotFoundException'{0x000000074b9a1fb8}> (0x000000074b9a1fb8) thrown at [t:/workspace/open/src/hotspot/share/prims/jni.cpp, line 615]
Event: 22266.144 Thread 0x000001d82b3a0000 Exception <a 'java/io/FileNotFoundException'{0x000000074ae8a0f8}> (0x000000074ae8a0f8) thrown at [t:/workspace/open/src/hotspot/share/prims/jni.cpp, line 615]
Event: 22266.144 Thread 0x000001d82b3a0000 Exception <a 'java/io/FileNotFoundException'{0x000000074ae8ae18}> (0x000000074ae8ae18) thrown at [t:/workspace/open/src/hotspot/share/prims/jni.cpp, line 615]

Events (10 events):
Event: 22267.009 Executing VM operation: G1CollectForAllocation
Event: 22267.012 Executing VM operation: G1CollectForAllocation done
Event: 22267.099 Thread 0x000001d865da1000 Thread added: 0x000001d865da1000
Event: 22267.101 Thread 0x000001d865da1000 Thread exited: 0x000001d865da1000
Event: 22268.100 Thread 0x000001d865da1000 Thread added: 0x000001d865da1000
Event: 22268.102 Thread 0x000001d865da1000 Thread exited: 0x000001d865da1000
Event: 22269.101 Thread 0x000001d865d9e800 Thread added: 0x000001d865d9e800
Event: 22269.107 Thread 0x000001d865d9e800 Thread exited: 0x000001d865d9e800
Event: 22270.101 Thread 0x000001d865d9e800 Thread added: 0x000001d865d9e800
Event: 22270.108 Thread 0x000001d865d9e800 Thread exited: 0x000001d865d9e800


Dynamic libraries:
0x00007ff7a23f0000 - 0x00007ff7a241f000 	C:\Xilinx\Vivado\2020.2\bin\unwrapped\win64.o\vivado.exe
0x00007ffcbd5a0000 - 0x00007ffcbd808000 	C:\WINDOWS\SYSTEM32\ntdll.dll
0x00007ffcbcd80000 - 0x00007ffcbce49000 	C:\WINDOWS\System32\KERNEL32.DLL
0x00007ffcbab80000 - 0x00007ffcbaf71000 	C:\WINDOWS\System32\KERNELBASE.dll
0x00007ffcba900000 - 0x00007ffcbaa4b000 	C:\WINDOWS\System32\ucrtbase.dll
0x00007ffc87d10000 - 0x00007ffc87db6000 	C:\WINDOWS\SYSTEM32\MSVCP140.dll
0x00007ffc8c240000 - 0x00007ffc8c256000 	C:\WINDOWS\SYSTEM32\VCRUNTIME140.dll
0x00007ffcb4500000 - 0x00007ffcb4513000 	C:\Xilinx\Vivado\2020.2\lib\win64.o\libboost_signals.dll
0x00007ffcb44e0000 - 0x00007ffcb44f8000 	C:\Xilinx\Vivado\2020.2\lib\win64.o\librdi_commonmain.dll
0x00007ffcb08b0000 - 0x00007ffcb08d2000 	C:\Xilinx\Vivado\2020.2\lib\win64.o\libboost_filesystem.dll
0x00007ffcbc300000 - 0x00007ffcbc3b4000 	C:\WINDOWS\System32\ADVAPI32.dll
0x00007ffcbb340000 - 0x00007ffcbb3e9000 	C:\WINDOWS\System32\msvcrt.dll
0x00007ffcbc070000 - 0x00007ffcbc116000 	C:\WINDOWS\System32\sechost.dll
0x00007ffcbbe30000 - 0x00007ffcbbf48000 	C:\WINDOWS\System32\RPCRT4.dll
0x00007ffcb44d0000 - 0x00007ffcb44d9000 	C:\Xilinx\Vivado\2020.2\lib\win64.o\librdi_commonversion.dll
0x00007ffcb0570000 - 0x00007ffcb0709000 	C:\Xilinx\Vivado\2020.2\lib\win64.o\librdi_commonxillic.dll
0x00007ffcbce50000 - 0x00007ffcbd016000 	C:\WINDOWS\System32\USER32.dll
0x00007ffcbb1a0000 - 0x00007ffcbb1c7000 	C:\WINDOWS\System32\win32u.dll
0x00007ffcbb960000 - 0x00007ffcbb98b000 	C:\WINDOWS\System32\GDI32.dll
0x00007ffcbaa50000 - 0x00007ffcbab7b000 	C:\WINDOWS\System32\gdi32full.dll
0x00007ffcbaf80000 - 0x00007ffcbb023000 	C:\WINDOWS\System32\msvcp_win.dll
0x00007ffcbd440000 - 0x00007ffcbd4b4000 	C:\WINDOWS\System32\WS2_32.dll
0x00000000521b0000 - 0x00000000522db000 	C:\Xilinx\Vivado\2020.2\lib\win64.o\tcl85t.dll
0x00007ffcb44c0000 - 0x00007ffcb44c9000 	C:\Xilinx\Vivado\2020.2\lib\win64.o\libboost_system.dll
0x00007ffc36820000 - 0x00007ffc37997000 	C:\Xilinx\Vivado\2020.2\lib\win64.o\librdi_common.dll
0x00007ffcbc450000 - 0x00007ffcbcba2000 	C:\WINDOWS\System32\SHELL32.dll
0x00007ffcbb030000 - 0x00007ffcbb19a000 	C:\WINDOWS\System32\wintypes.dll
0x00007ffcbd020000 - 0x00007ffcbd3a6000 	C:\WINDOWS\System32\combase.dll
0x00007ffcb0450000 - 0x00007ffcb0561000 	C:\Xilinx\Vivado\2020.2\lib\win64.o\libboost_regex.dll
0x00007ffcb9d70000 - 0x00007ffcb9d9a000 	C:\WINDOWS\SYSTEM32\bcrypt.dll
0x00007ffc52b60000 - 0x00007ffc52e3b000 	C:\Xilinx\Vivado\2020.2\lib\win64.o\libXil_lmgr11.dll
0x00007ffcbbf50000 - 0x00007ffcbc03f000 	C:\WINDOWS\System32\COMDLG32.dll
0x00007ffcbb5d0000 - 0x00007ffcbb6c6000 	C:\WINDOWS\System32\shcore.dll
0x00007ffcbc290000 - 0x00007ffcbc2f7000 	C:\WINDOWS\System32\SHLWAPI.dll
0x00007ffcba090000 - 0x00007ffcba8f3000 	C:\WINDOWS\System32\Windows.Storage.dll
0x00007ffcbb6d0000 - 0x00007ffcbb7a7000 	C:\WINDOWS\System32\OLEAUT32.dll
0x00007ffcbcbe0000 - 0x00007ffcbcd77000 	C:\WINDOWS\System32\ole32.dll
0x00007ffcb9e80000 - 0x00007ffcb9f02000 	C:\WINDOWS\System32\WINTRUST.dll
0x00007ffcb9f10000 - 0x00007ffcba087000 	C:\WINDOWS\System32\CRYPT32.dll
0x00007ffc411e0000 - 0x00007ffc4154e000 	C:\Xilinx\Vivado\2020.2\lib\win64.o\libCOIN-all.dll
0x00007ffcb3480000 - 0x00007ffcb3490000 	C:\Xilinx\Vivado\2020.2\lib\win64.o\libboost_date_time.dll
0x00007ffcb0830000 - 0x00007ffcb08a3000 	C:\Xilinx\Vivado\2020.2\lib\win64.o\libboost_program_options.dll
0x00007ffcb0810000 - 0x00007ffcb082e000 	C:\Xilinx\Vivado\2020.2\lib\win64.o\libboost_thread.dll
0x00007ffcb0800000 - 0x00007ffcb080c000 	C:\Xilinx\Vivado\2020.2\lib\win64.o\libboost_xilinx.dll
0x00007ffca1430000 - 0x00007ffca14b2000 	C:\Xilinx\Vivado\2020.2\lib\win64.o\libhdlpsolve.dll
0x00007ffca12e0000 - 0x00007ffca1385000 	C:\Xilinx\Vivado\2020.2\lib\win64.o\libhdxml.dll
0x00007ffcb07d0000 - 0x00007ffcb07f8000 	C:\Xilinx\Vivado\2020.2\lib\win64.o\libisl_sysinfo.dll
0x00007ffcb03e0000 - 0x00007ffcb0445000 	C:\Xilinx\Vivado\2020.2\lib\win64.o\liblmx6.0.dll
0x00007ffcaf980000 - 0x00007ffcaf99a000 	C:\Xilinx\Vivado\2020.2\lib\win64.o\pthreadVC2.dll
0x00007ffca9090000 - 0x00007ffca90ac000 	C:\Xilinx\Vivado\2020.2\lib\win64.o\librdiconfig.dll
0x00007ffc35a20000 - 0x00007ffc36812600 	C:\Xilinx\Vivado\2020.2\lib\win64.o\libisl_iostreams.dll
0x00007ffc9ff90000 - 0x00007ffc9ffaa000 	C:\WINDOWS\SYSTEM32\NETAPI32.dll
0x00007ffca7760000 - 0x00007ffca79e8000 	C:\WINDOWS\SYSTEM32\WININET.dll
0x00007ffcb45b0000 - 0x00007ffcb46d7000 	C:\WINDOWS\SYSTEM32\WINHTTP.dll
0x00007ffca2ba0000 - 0x00007ffca2d80000 	C:\WINDOWS\SYSTEM32\urlmon.dll
0x00007ffca3440000 - 0x00007ffca3461000 	C:\Xilinx\Vivado\2020.2\lib\win64.o\librdizlib.dll
0x00007ffc9c5d0000 - 0x00007ffc9c5da000 	C:\WINDOWS\SYSTEM32\WSOCK32.dll
0x00007ffca1940000 - 0x00007ffca1967000 	C:\WINDOWS\SYSTEM32\VCOMP140.DLL
0x00007ffc9bff0000 - 0x00007ffc9c0a4000 	C:\WINDOWS\WinSxS\amd64_microsoft.windows.common-controls_6595b64144ccf1df_5.82.26100.7309_none_87ef0e2f7a2c9771\COMCTL32.dll
0x00007ffcb4740000 - 0x00007ffcb4763000 	C:\WINDOWS\SYSTEM32\dhcpcsvc.DLL
0x00007ffcb03d0000 - 0x00007ffcb03dc000 	C:\Xilinx\Vivado\2020.2\lib\win64.o\libboost_chrono.dll
0x0000000012000000 - 0x0000000012270000 	C:\Xilinx\Vivado\2020.2\lib\win64.o\xerces-c_3_1.dll
0x00007ffc24ef0000 - 0x00007ffc26e07000 	C:\Xilinx\Vivado\2020.2\lib\win64.o\gurobi90.dll
0x00007ffcbc3d0000 - 0x00007ffcbc444000 	C:\WINDOWS\System32\WLDAP32.dll
0x00007ffcbd550000 - 0x00007ffcbd558000 	C:\WINDOWS\System32\Normaliz.dll
0x00007ffca36e0000 - 0x00007ffca39a5000 	C:\WINDOWS\SYSTEM32\iertutil.dll
0x00007ffca18d0000 - 0x00007ffca18f3000 	C:\Xilinx\Vivado\2020.2\lib\win64.o\libisl_iosutils.dll
0x00007ffcb8630000 - 0x00007ffcb863d000 	C:\WINDOWS\SYSTEM32\netutils.dll
0x00007ffca3580000 - 0x00007ffca35a9000 	C:\WINDOWS\SYSTEM32\srvcli.dll
0x00007ffcb9190000 - 0x00007ffcb91fb000 	C:\WINDOWS\SYSTEM32\MSWSOCK.DLL
0x00007ffca8ea0000 - 0x00007ffca8eb6000 	C:\Xilinx\Vivado\2020.2\lib\win64.o\libboost_iostreams.dll
0x00007ffcbd510000 - 0x00007ffcbd541000 	C:\WINDOWS\System32\IMM32.DLL
0x00007ffcb94d0000 - 0x00007ffcb94e3000 	C:\WINDOWS\SYSTEM32\MSASN1.dll
0x00007ffcb8c20000 - 0x00007ffcb8c3b000 	C:\WINDOWS\SYSTEM32\kernel.appcore.dll
0x00007ffc39a10000 - 0x00007ffc39f32000 	C:\Xilinx\Vivado\2020.2\lib\win64.o\librdi_commontasks.dll
0x00007ffca7a20000 - 0x00007ffca7a2b000 	C:\WINDOWS\SYSTEM32\VERSION.dll
0x00007ffc345a0000 - 0x00007ffc350c3000 	C:\Xilinx\Vivado\2020.2\tps\win64\jre11.0.2\bin\server\jvm.dll
0x00007ffcbc3c0000 - 0x00007ffcbc3c8000 	C:\WINDOWS\System32\PSAPI.DLL
0x00007ffca4a80000 - 0x00007ffca4ab5000 	C:\WINDOWS\SYSTEM32\WINMM.dll
0x00007ffc500f0000 - 0x00007ffc503c5000 	C:\Xilinx\Vivado\2020.2\lib\win64.o\librdi_sio.dll
0x00007ffcb8640000 - 0x00007ffcb8674000 	C:\WINDOWS\SYSTEM32\IPHLPAPI.DLL
0x00007ffc22430000 - 0x00007ffc24eee000 	C:\Xilinx\Vivado\2020.2\lib\win64.o\librdi_tcltasks.dll
0x00007ffc8e5a0000 - 0x00007ffc8e753000 	C:\Xilinx\Vivado\2020.2\lib\win64.o\librdi_board.dll
0x00007ffc9f940000 - 0x00007ffc9f9be000 	C:\Xilinx\Vivado\2020.2\lib\win64.o\librdi_boarddep.dll
0x00007ffc39560000 - 0x00007ffc39a06000 	C:\Xilinx\Vivado\2020.2\lib\win64.o\librdi_bitstream.dll
0x00007ffc98ef0000 - 0x00007ffc98fe6000 	C:\Xilinx\Vivado\2020.2\lib\win64.o\librdi_chipscope.dll
0x00007ffc531b0000 - 0x00007ffc5339a000 	C:\Xilinx\Vivado\2020.2\lib\win64.o\librdi_chipscopeimpl.dll
0x00007ffc8e340000 - 0x00007ffc8e4a1000 	C:\Xilinx\Vivado\2020.2\lib\win64.o\librdi_containers.dll
0x00007ffc206c0000 - 0x00007ffc22421000 	C:\Xilinx\Vivado\2020.2\lib\win64.o\librdi_designutils.dll
0x00007ffc1e890000 - 0x00007ffc206bc000 	C:\Xilinx\Vivado\2020.2\lib\win64.o\librdi_constraints.dll
0x00007ffc390e0000 - 0x00007ffc39448000 	C:\Xilinx\Vivado\2020.2\lib\win64.o\librdi_dlyest.dll
0x00007ffc1e230000 - 0x00007ffc1e88d000 	C:\Xilinx\Vivado\2020.2\lib\win64.o\librdi_drc.dll
0x00007ffc1be70000 - 0x00007ffc1e22d000 	C:\Xilinx\Vivado\2020.2\lib\win64.o\librdi_coregen.dll
0x00007ffc1b750000 - 0x00007ffc1be68000 	C:\Xilinx\Vivado\2020.2\lib\win64.o\librdi_coregenipxact.dll
0x00007ffc98b80000 - 0x00007ffc98c33000 	C:\Xilinx\Vivado\2020.2\lib\win64.o\librdi_dsp.dll
0x00007ffc35700000 - 0x00007ffc35a1d000 	C:\Xilinx\Vivado\2020.2\lib\win64.o\librdi_guitools.dll
0x00007ffca17f0000 - 0x00007ffca185b000 	C:\Xilinx\Vivado\2020.2\lib\win64.o\librdi_hdf.dll
0x00007ffc03170000 - 0x00007ffc1b74f000 	C:\Xilinx\Vivado\2020.2\lib\win64.o\librdi_device.dll
0x00007ffc5cb60000 - 0x00007ffc5cca7000 	C:\Xilinx\Vivado\2020.2\lib\win64.o\librdi_hip_perf_analysis.dll
0x00007ffc42140000 - 0x00007ffc423b7000 	C:\Xilinx\Vivado\2020.2\lib\win64.o\librdi_hip_devdesign.dll
0x00007ffc02aa0000 - 0x00007ffc03162000 	C:\Xilinx\Vivado\2020.2\lib\win64.o\librdi_filemgmt.dll
0x00007ffc99a70000 - 0x00007ffc99ae2000 	C:\Xilinx\Vivado\2020.2\lib\win64.o\librdi_memoryarray.dll
0x00007ffc00ec0000 - 0x00007ffc02a94000 	C:\Xilinx\Vivado\2020.2\lib\win64.o\librdi_implflow.dll
0x00007ffc00870000 - 0x00007ffc00ebc000 	C:\Xilinx\Vivado\2020.2\lib\win64.o\librdi_memdata.dll
0x00007ffca1500000 - 0x00007ffca1554000 	C:\Xilinx\Vivado\2020.2\lib\win64.o\librdi_pfi.dll
0x00007ffbfe420000 - 0x00007ffc00864000 	C:\Xilinx\Vivado\2020.2\lib\win64.o\librdi_mig.dll
0x00007ffbfdcf0000 - 0x00007ffbfe41c000 	C:\Xilinx\Vivado\2020.2\lib\win64.o\librdi_netlist.dll
0x00007ffc34200000 - 0x00007ffc3459e000 	C:\Xilinx\Vivado\2020.2\lib\win64.o\librdi_platform.dll
0x00007ffbfd4d0000 - 0x00007ffbfdce7000 	C:\Xilinx\Vivado\2020.2\lib\win64.o\librdi_power.dll
0x00007ffbfce50000 - 0x00007ffbfd4c4000 	C:\Xilinx\Vivado\2020.2\lib\win64.o\librdi_project.dll
0x00007ffbfc640000 - 0x00007ffbfce4c000 	C:\Xilinx\Vivado\2020.2\lib\win64.o\librdi_rsb.dll
0x00007ffbfbf10000 - 0x00007ffbfc632000 	C:\Xilinx\Vivado\2020.2\lib\win64.o\librdi_psta.dll
0x00007ffbfb9e0000 - 0x00007ffbfbf0b000 	C:\Xilinx\Vivado\2020.2\lib\win64.o\librdi_runs.dll
0x00007ffc98850000 - 0x00007ffc98959000 	C:\Xilinx\Vivado\2020.2\lib\win64.o\librdi_runsbase.dll
0x00007ffbf87d0000 - 0x00007ffbfb9d7000 	C:\Xilinx\Vivado\2020.2\lib\win64.o\librdi_place.dll
0x00007ffc33bf0000 - 0x00007ffc33e64000 	C:\Xilinx\Vivado\2020.2\lib\win64.o\librdi_simdata.dll
0x00007ffc5c7b0000 - 0x00007ffc5c8c6000 	C:\Xilinx\Vivado\2020.2\lib\win64.o\librdi_xhub.dll
0x00007ffc98e40000 - 0x00007ffc98ee7000 	C:\Xilinx\Vivado\2020.2\lib\win64.o\librdi_xhubtasks.dll
0x00007ffc50a50000 - 0x00007ffc50c3b000 	C:\Xilinx\Vivado\2020.2\lib\win64.o\librdi_advchipscopeimpl.dll
0x00007ffbf7840000 - 0x00007ffbf87c1000 	C:\Xilinx\Vivado\2020.2\lib\win64.o\librdi_timing.dll
0x00007ffc9fcb0000 - 0x00007ffc9fcf7000 	C:\Xilinx\Vivado\2020.2\lib\win64.o\libboost_serialization.dll
0x00007ffc978a0000 - 0x00007ffc9790a000 	C:\Xilinx\Vivado\2020.2\lib\win64.o\librdi_noc_frameworks.dll
0x00007ffc5f6f0000 - 0x00007ffc5f7db000 	C:\Xilinx\Vivado\2020.2\lib\win64.o\librdi_ipconfig_readwrite.dll
0x00007ffbf7540000 - 0x00007ffbf783b000 	C:\Xilinx\Vivado\2020.2\lib\win64.o\librdi_hip_config.dll
0x00007ffbf6ff0000 - 0x00007ffbf753e000 	C:\Xilinx\Vivado\2020.2\lib\win64.o\librdi_xdm.dll
0x00007ffc91210000 - 0x00007ffc9129d000 	C:\Xilinx\Vivado\2020.2\lib\win64.o\treelite_runtime.dll
0x00007ffc882c0000 - 0x00007ffc88386000 	C:\Xilinx\Vivado\2020.2\lib\win64.o\librdi_bda.dll
0x00007ffc8daf0000 - 0x00007ffc8db8e000 	C:\Xilinx\Vivado\2020.2\lib\win64.o\libise.dll

dbghelp: loaded successfully - version: 4.0.5 - missing functions: none
symbol engine: initialized successfully - sym options: 0x614 - pdb path: .;C:\Xilinx\Vivado\2020.2\bin\unwrapped\win64.o;C:\WINDOWS\SYSTEM32;C:\Xilinx\Vivado\2020.2\lib\win64.o;C:\WINDOWS\WinSxS\amd64_microsoft.windows.common-controls_6595b64144ccf1df_5.82.26100.7309_none_87ef0e2f7a2c9771;C:\Xilinx\Vivado\2020.2\tps\win64\jre11.0.2\bin\server;C:\Xilinx\Vivado\2020.2\tps\win64\python-3.8.3;C:\Xilinx\Vivado\2020.2\tps\win64\jre11.0.2\bin;C:\WINDOWS\WinSxS\amd64_microsoft.windows.common-controls_6595b64144ccf1df_6.0.26100.7824_none_3e0870b2e3345462;C:\WINDOWS\HancomIME\x64;C:\WINDOWS\WinSxS\amd64_microsoft.windows.gdiplus_6595b64144ccf1df_1.1.26100.7824_none_6ef363983dc6ce30

VM Arguments:
jvm_args: -Dsun.java2d.pmoffscreen=false -Dhttps.protocols=TLSv1,TLSv1.1,TLSv1.2 -Dsun.java2d.xrender=false -Dsun.java2d.d3d=false -Dsun.awt.nopixfmt=true -Dsun.java2d.dpiaware=true -Dsun.java2d.uiScale.enabled=false -Xverify:none -Dswing.aatext=true -XX:-UsePerfData -Djdk.map.althashing.threshold=512 -XX:StringTableSize=4072 --add-opens=java.base/java.nio=ALL-UNNAMED --add-opens=java.desktop/sun.swing=ALL-UNNAMED --add-opens=java.desktop/javax.swing=ALL-UNNAMED --add-opens=java.desktop/javax.swing.tree=ALL-UNNAMED --add-opens=java.desktop/javax.swing.plaf.basic=ALL-UNNAMED --add-opens=java.desktop/javax.swing.plaf.synth=ALL-UNNAMED --add-opens=java.desktop/com.sun.awt=ALL-UNNAMED -XX:NewSize=60m -XX:MaxNewSize=60m -Xms128m -Xmx3072m -Xss5m 
java_command: <unknown>
java_class_path (initial): C:/Xilinx/Vivado/2020.2\lib\classes\alloy.jar;C:/Xilinx/Vivado/2020.2\lib\classes\ArchiveSummary.jar;C:/Xilinx/Vivado/2020.2\lib\classes\autoesl-models.jar;C:/Xilinx/Vivado/2020.2\lib\classes\autopilot.scelaborator.jar;C:/Xilinx/Vivado/2020.2\lib\classes\autopilot.sourceprocessor.jar;C:/Xilinx/Vivado/2020.2\lib\classes\autopilot.tbprocessor.jar;C:/Xilinx/Vivado/2020.2\lib\classes\batik-anim.jar;C:/Xilinx/Vivado/2020.2\lib\classes\batik-awt-util.jar;C:/Xilinx/Vivado/2020.2\lib\classes\batik-bridge.jar;C:/Xilinx/Vivado/2020.2\lib\classes\batik-codec.jar;C:/Xilinx/Vivado/2020.2\lib\classes\batik-css.jar;C:/Xilinx/Vivado/2020.2\lib\classes\batik-dom.jar;C:/Xilinx/Vivado/2020.2\lib\classes\batik-ext.jar;C:/Xilinx/Vivado/2020.2\lib\classes\batik-gui-util.jar;C:/Xilinx/Vivado/2020.2\lib\classes\batik-gvt.jar;C:/Xilinx/Vivado/2020.2\lib\classes\batik-parser.jar;C:/Xilinx/Vivado/2020.2\lib\classes\batik-script.jar;C:/Xilinx/Vivado/2020.2\lib\classes\batik-svg-dom.jar;C:/Xilinx/Vivado/2020.2\lib\classes\batik-swing.jar;C:/Xilinx/Vivado/2020.2\lib\classes\batik-transcoder.jar;C:/Xilinx/Vivado/2020.2\lib\classes\batik-util.jar;C:/Xilinx/Vivado/2020.2\lib\classes\batik-xml.jar;C:/Xilinx/Vivado/2020.2\lib\classes\com.google.gson_2.8.2.v20180104-1110.jar;C:/Xilinx/Vivado/2020.2\lib\classes\com.google.guava_27.1.0.v20190517-1946.jar;C:/Xilinx/Vivado/2020.2\lib\classes\com.ibm.icu_4.4.2.v20110208.jar;C:/Xilinx/Vivado/2020.2\lib\classes\com.sigasi.hdt.connection_4.9.0.202009050929.jar;C:/Xilinx/Vivado/2020.2\lib\classes\com.sigasi.hdt.epl_4.9.0.202009050929.jar;C:/Xilinx/Vivado/2020.2\lib\classes\com.sigasi.hdt.project_4.9.0.202009050929.jar;C:/Xilinx/Vivado/2020.2\lib\classes\com.sigasi.hdt.readonlyfilesystem_4.9.0.202009050929.jar;C:/Xilinx/Vivado/2020.2\lib\classes\com.sigasi.lcm_4.9.0.202009050929.jar;C:/Xilinx/Vivado/2020.2\lib\classes\com.sigasi.sdk.client_4.9.0.202009050929.jar;C:/Xilinx/Vivado/2020.2\lib\classes\com.xilinx.hls.services.jar;C:/Xili
Launcher Type: generic

[Global flags]
     bool BytecodeVerificationLocal                = false                                     {product} {command line}
     bool BytecodeVerificationRemote               = false                                     {product} {command line}
     intx CICompilerCount                          = 12                                        {product} {ergonomic}
     uint ConcGCThreads                            = 3                                         {product} {ergonomic}
     uint G1ConcRefinementThreads                  = 13                                        {product} {ergonomic}
   size_t G1HeapRegionSize                         = 1048576                                   {product} {ergonomic}
    uintx GCDrainStackTargetSize                   = 64                                        {product} {ergonomic}
   size_t InitialHeapSize                          = 134217728                                 {product} {command line}
   size_t MarkStackSize                            = 4194304                                   {product} {ergonomic}
   size_t MaxHeapSize                              = 3221225472                                {product} {command line}
   size_t MaxNewSize                               = 62914560                                  {product} {command line}
   size_t MinHeapDeltaBytes                        = 1048576                                   {product} {ergonomic}
   size_t NewSize                                  = 62914560                                  {product} {command line}
    uintx NonNMethodCodeHeapSize                   = 7591728                                {pd product} {ergonomic}
    uintx NonProfiledCodeHeapSize                  = 122033256                              {pd product} {ergonomic}
    uintx ProfiledCodeHeapSize                     = 122033256                              {pd product} {ergonomic}
    uintx ReservedCodeCacheSize                    = 251658240                              {pd product} {ergonomic}
     bool SegmentedCodeCache                       = true                                      {product} {ergonomic}
    uintx StringTableSize                          = 4072                                      {product} {command line}
     intx ThreadStackSize                          = 5120                                   {pd product} {command line}
     bool UseCompressedClassPointers               = true                                 {lp64_product} {ergonomic}
     bool UseCompressedOops                        = true                                 {lp64_product} {ergonomic}
     bool UseG1GC                                  = true                                      {product} {ergonomic}
     bool UseLargePagesIndividualAllocation        = false                                  {pd product} {ergonomic}
     bool UsePerfData                              = false                                     {product} {command line}

Logging:
Log output configuration:
 #0: stdout all=warning uptime,level,tags
 #1: stderr all=off uptime,level,tags

Environment Variables:
PATH=C:/Xilinx/Vivado/2020.2\gnuwin\bin;C:/Xilinx/Vivado/2020.2\gnu\microblaze\nt\bin;C:/Xilinx/Vivado/2020.2/bin;C:/Xilinx/Vivado/2020.2/tps/win64/javafx-sdk-11.0.2/lib;C:/Xilinx/Vivado/2020.2/tps/win64/javafx-sdk-11.0.2/bin;C:/Xilinx/Vivado/2020.2/lib/win64.o;C:/Xilinx/Vivado/2020.2/tps/win64/jre11.0.2/bin/server;C:/Xilinx/Vivado/2020.2/tps/win64/jre11.0.2/bin;C:/Xilinx/Vitis/2020.2/bin;C:/Xilinx/Vivado/2020.2/ids_lite/ISE/bin/nt64;C:/Xilinx/Vivado/2020.2/ids_lite/ISE/lib/nt64;C:/Xilinx/Vitis_HLS/2020.2/bin;C:\WINDOWS\system32;C:\WINDOWS;C:\WINDOWS\System32\Wbem;C:\WINDOWS\System32\WindowsPowerShell\v1.0\;C:\WINDOWS\System32\OpenSSH\;C:\Program Files\Bandizip\;D:\Git\cmd;C:\Users\kccistc\AppData\Local\Microsoft\WindowsApps;C:\Users\kccistc\AppData\Local\Programs\Microsoft VS Code\bin;C:/Xilinx/Vivado/2020.2\tps\mingw\6.2.0\win64.o\nt\bin;C:/Xilinx/Vivado/2020.2\tps\mingw\6.2.0\win64.o\nt\libexec\gcc\x86_64-w64-mingw32\6.2.0;C:/Xilinx/Vivado/2020.2\tps\win64\python-3.8.3;C:/Xilinx/Vivado/2020.2\tps\win64\python-3.8.3\bin;C:/Xilinx/Vivado/2020.2\tps\win64\python-3.8.3\lib;C:/Xilinx/Vivado/2020.2\tps\win64\python-3.8.3\lib\site-packages
USERNAME=kccistc
OS=Windows_NT
PROCESSOR_IDENTIFIER=Intel64 Family 6 Model 154 Stepping 3, GenuineIntel



---------------  S Y S T E M  ---------------

OS: Windows 10 , 64 bit Build 26100 (10.0.26100.7705)

CPU:total 16 (initial active 16) (8 cores per cpu, 2 threads per core) family 6 model 154 stepping 3, cmov, cx8, fxsr, mmx, sse, sse2, sse3, ssse3, sse4.1, sse4.2, popcnt, avx, avx2, aes, clmul, erms, 3dnowpref, lzcnt, ht, tsc, tscinvbit, bmi1, bmi2, adx, sha, fma

Memory: 4k page, system-wide physical 16066M (6167M free)
TotalPageFile size 32450M (AvailPageFile size 20294M)
current process WorkingSet (physical memory assigned to process): 1195M, peak: 1692M
current process commit charge ("private bytes"): 1953M, peak: 2007M

vm_info: OpenJDK 64-Bit Server VM (11.0.2+9) for windows-amd64 JRE (11.0.2+9), built on Jan 18 2019 05:23:22 by "mach5one" with MS VC++ 15.5 (VS2017)

END.
